#
# A fatal error has been detected by the Java Runtime Environment:
#
#  Internal Error (jvmciRuntime.cpp:1609), pid=30, tid=50
#  fatal error: Fatal exception in JVMCI: Error calling jdk.vm.ci.services.Services.serializeSavedProperties
#
# JRE version: OpenJDK Runtime Environment GraalVM CE 22.3.0 (17.0.5+8) (build 17.0.5+8-jvmci-22.3-b08)
# Java VM: OpenJDK 64-Bit Server VM GraalVM CE 22.3.0 (17.0.5+8-jvmci-22.3-b08, mixed mode, sharing, tiered, jvmci, jvmci compiler, compressed oops, compressed class ptrs, parallel gc, linux-amd64)
# Problematic frame:
# V  [libjvm.so+0x972714]  JVMCIRuntime::fatal_exception(JVMCIEnv*, char const*)+0x74
#
# Core dump will be written. Default location: Core dumps may be processed with "/usr/share/apport/apport -p%p -s%s -c%c -d%d -P%P -u%u -g%g -- %E" (or dumping to /home/runner/Java-Lab4-1/core.30)
#
# If you would like to submit a bug report, please visit:
#   https://github.com/oracle/graal/issues
#

---------------  S U M M A R Y ------------

Command Line: -XX:ThreadPriorityPolicy=1 -XX:+UnlockExperimentalVMOptions -XX:+EnableJVMCIProduct -XX:JVMCIThreadsPerNativeLibraryRuntime=1 -XX:-UnlockExperimentalVMOptions -Declipse.application=org.eclipse.jdt.ls.core.id1 -Dosgi.bundles.defaultStartLevel=4 -Declipse.product=org.eclipse.jdt.ls.core.product -Dlog.level=ALL -Xverify:none -XX:+UseParallelGC -XX:GCTimeRatio=4 -XX:AdaptiveSizePolicyWeight=90 -Dsun.zip.disableMemoryMapping=true -Xmx512m -Xms100m /nix/store/a7s9klvriqi68xz3qjc0qyfl5h86xc16-jdt-language-server-1.9.0/share/java/plugins/org.eclipse.equinox.launcher_1.6.400.v20210924-0641.jar --add-modules=ALL-SYSTEM --add-opens java.base/java.util=ALL-UNNAMED --add-opens java.base/java.lang=ALL-UNNAMED -configuration /home/runner/.cache/jdt-language-server/config -data /home/runner/.cache/jdt-language-server/data/home/runner/Java-Lab4-1

Host: Intel(R) Xeon(R) CPU @ 2.20GHz, 8 cores, 1G, Ubuntu 20.04.2 LTS
Time: Thu Oct  5 04:51:33 2023 UTC elapsed time: 1171.094746 seconds (0d 0h 19m 31s)

---------------  T H R E A D  ---------------

Current thread (0x00007f3c980b1c10):  JavaThread "JVMCI-native CompilerThread0" daemon [_thread_in_vm, id=50, stack(0x00007f3c9ca1a000,0x00007f3c9cc1a000)]


Current CompileTask:
JVMCI-native:1171098 8971       4       java.util.ArrayList::remove (26 bytes)

Stack: [0x00007f3c9ca1a000,0x00007f3c9cc1a000],  sp=0x00007f3c9cc18380,  free space=2040k
Native frames: (J=compiled Java code, j=interpreted, Vv=VM code, C=native code)
V  [libjvm.so+0x972714]  JVMCIRuntime::fatal_exception(JVMCIEnv*, char const*)+0x74
V  [libjvm.so+0x93e2fe]  JVMCIEnv::copy_saved_properties()+0x14e
V  [libjvm.so+0x9732a9]  JVMCIRuntime::initialize(JVMCIEnv*)+0xb19
V  [libjvm.so+0x9738a2]  JVMCIRuntime::get_HotSpotJVMCIRuntime(JVMCIEnv*)+0x12
V  [libjvm.so+0x9749f2]  JVMCIRuntime::compile_method(JVMCIEnv*, JVMCICompiler*, methodHandle const&, int)+0xd2
V  [libjvm.so+0x5b0d20]  CompileBroker::invoke_compiler_on_method(CompileTask*)+0x1470
V  [libjvm.so+0x5b12e8]  CompileBroker::compiler_thread_loop()+0x528
V  [libjvm.so+0xd82460]  JavaThread::thread_main_inner()+0xd0
V  [libjvm.so+0xd85a40]  Thread::call_run()+0xc0
V  [libjvm.so+0xbdb1e1]  thread_native_entry(Thread*)+0xe1

Register to memory mapping:

RAX=0x00007f3c9faf2000 points into unknown readable memory: 0x0000000000000058 | 58 00 00 00 00 00 00 00
RBX=0x00007f3ca0bed398: <offset 0x0000000000ef5398> in /nix/store/gpxl5qgg8kicmcvivwmybwjlpf7wh20l-graalvm17-ce-22.3.0/lib/server/libjvm.so at 0x00007f3c9fcf8000
RCX=0x00007f3ca0ba51e8: <offset 0x0000000000ead1e8> in /nix/store/gpxl5qgg8kicmcvivwmybwjlpf7wh20l-graalvm17-ce-22.3.0/lib/server/libjvm.so at 0x00007f3c9fcf8000
RDX=0x0000000000000649 is an unknown value
RSP=0x00007f3c9cc18380 is pointing into the stack for thread: 0x00007f3c980b1c10
RBP=0x00007f3c9cc183a0 is pointing into the stack for thread: 0x00007f3c980b1c10
RSI=0x00007f3ca0bedc48: <offset 0x0000000000ef5c48> in /nix/store/gpxl5qgg8kicmcvivwmybwjlpf7wh20l-graalvm17-ce-22.3.0/lib/server/libjvm.so at 0x00007f3c9fcf8000
RDI=0x00000000e0000000 is an oop: java.lang.String 
{0x00000000e0000000} - klass: 'java/lang/String'
 - string: "resolution"
R8 =0x00007f3ca0bed398: <offset 0x0000000000ef5398> in /nix/store/gpxl5qgg8kicmcvivwmybwjlpf7wh20l-graalvm17-ce-22.3.0/lib/server/libjvm.so at 0x00007f3c9fcf8000
R9 =0x0000000000000003 is an unknown value
R10=0x00007f3ca0f3eda0: <offset 0x0000000001246da0> in /nix/store/gpxl5qgg8kicmcvivwmybwjlpf7wh20l-graalvm17-ce-22.3.0/lib/server/libjvm.so at 0x00007f3c9fcf8000
R11=0x000000080044f048 is pointing into metadata
R12=0x0 is NULL
R13=0x00007f3c980b1c10 is a thread
R14=0x00007f3c98000b80 points into unknown readable memory: 0x00007f3ca0e1ea38 | 38 ea e1 a0 3c 7f 00 00
R15=0x00007f3ca0f2ce40: <offset 0x0000000001234e40> in /nix/store/gpxl5qgg8kicmcvivwmybwjlpf7wh20l-graalvm17-ce-22.3.0/lib/server/libjvm.so at 0x00007f3c9fcf8000


Registers:
RAX=0x00007f3c9faf2000, RBX=0x00007f3ca0bed398, RCX=0x00007f3ca0ba51e8, RDX=0x0000000000000649
RSP=0x00007f3c9cc18380, RBP=0x00007f3c9cc183a0, RSI=0x00007f3ca0bedc48, RDI=0x00000000e0000000
R8 =0x00007f3ca0bed398, R9 =0x0000000000000003, R10=0x00007f3ca0f3eda0, R11=0x000000080044f048
R12=0x0000000000000000, R13=0x00007f3c980b1c10, R14=0x00007f3c98000b80, R15=0x00007f3ca0f2ce40
RIP=0x00007f3ca066a714, EFLAGS=0x0000000000010206, CSGSFS=0x002b000000000033, ERR=0x0000000000000006
  TRAPNO=0x000000000000000e

Top of Stack: (sp=0x00007f3c9cc18380)
0x00007f3c9cc18380:   00007f3c9cc18940 00007f3c980b1c10
0x00007f3c9cc18390:   00007f3c9e4838c8 0000000800c417a0
0x00007f3c9cc183a0:   00007f3c9cc18500 00007f3ca06362fe
0x00007f3c9cc183b0:   00007f3c9cc183e0 00007f3c9cc18440 

Instructions: (pc=0x00007f3ca066a714)
0x00007f3ca066a614:   30 e8 f6 cf e8 ff 4c 89 e7 e8 2e 48 d1 ff 84 db
0x00007f3ca066a624:   75 2a 4d 85 ed 74 04 4d 8b 6d 00 48 83 c4 08 44
0x00007f3ca066a634:   89 f9 4c 89 f2 4c 89 ee 5b 4c 89 e7 41 5c 41 5d
0x00007f3ca066a644:   41 5e 41 5f 5d e9 e2 47 d1 ff 66 90 48 83 c4 08
0x00007f3ca066a654:   5b 41 5c 41 5d 41 5e 41 5f 5d c3 90 31 d2 be 08
0x00007f3ca066a664:   00 00 00 4c 89 ff e8 b1 78 a3 ff 49 89 c5 e9 37
0x00007f3ca066a674:   ff ff ff 66 0f 1f 84 00 00 00 00 00 48 8b 7a 08
0x00007f3ca066a684:   e9 6d ff ff ff 0f 1f 80 00 00 00 00 e8 5b 48 0a
0x00007f3ca066a694:   00 84 c0 75 89 e9 6a ff ff ff 66 90 55 48 89 e5
0x00007f3ca066a6a4:   41 56 41 55 41 54 49 89 fc 53 48 89 f3 66 48 8d
0x00007f3ca066a6b4:   3d 27 5e 85 00 66 66 48 e8 df 43 8d ff 4c 8b 28
0x00007f3ca066a6c4:   8b 05 be 72 8a 00 85 c0 75 14 ba 01 00 00 00 48
0x00007f3ca066a6d4:   8d 0d ae 72 8a 00 f0 0f b1 11 85 c0 74 4e be c8
0x00007f3ca066a6e4:   00 00 00 4c 89 ef e8 01 0b 41 00 48 8d 05 12 ac
0x00007f3ca066a6f4:   85 00 49 89 d8 48 8d 0d e8 aa 53 00 ba 49 06 00
0x00007f3ca066a704:   00 48 8d 35 3c 35 58 00 bf 00 00 00 e0 48 8b 00
0x00007f3ca066a714:   c6 00 58 31 c0 e8 e2 91 c6 ff 5b 41 5c 41 5d 41
0x00007f3ca066a724:   5e 5d e9 55 34 26 00 0f 1f 44 00 00 48 8d 05 81
0x00007f3ca066a734:   a3 8b 00 48 89 df 4c 8b 30 e8 9e 43 8d ff 48 89
0x00007f3ca066a744:   de 48 89 c2 49 8b 06 4c 89 f7 ff 50 08 4c 89 f7
0x00007f3ca066a754:   e8 a7 5c 27 00 4d 85 e4 74 12 be 01 00 00 00 4c
0x00007f3ca066a764:   89 e7 e8 35 43 fc ff eb 82 0f 1f 00 be 01 00 00
0x00007f3ca066a774:   00 4c 89 ef e8 d3 fd ff ff e9 6d ff ff ff 66 66
0x00007f3ca066a784:   2e 0f 1f 84 00 00 00 00 00 0f 1f 00 55 48 89 e5
0x00007f3ca066a794:   41 57 41 56 41 55 41 54 53 48 81 ec 08 02 00 00
0x00007f3ca066a7a4:   64 48 8b 04 25 28 00 00 00 48 89 45 c8 8b 07 83
0x00007f3ca066a7b4:   f8 02 0f 84 11 04 00 00 4c 8b 6f 18 49 89 ff 49
0x00007f3ca066a7c4:   89 f4 4d 85 ed 74 14 4c 89 ef e8 5d 57 22 00 41
0x00007f3ca066a7d4:   8b 07 83 f8 02 0f 84 19 04 00 00 48 8d 1d 9a 06
0x00007f3ca066a7e4:   8a 00 4c 8d 35 0b 3c 58 00 eb 38 90 48 85 d2 7f
0x00007f3ca066a7f4:   0d 48 8d 05 b4 c0 85 00 48 83 38 00 7e 0e 41 8b
0x00007f3ca066a804:   77 2c 4c 89 f7 31 c0 e8 a0 b2 f7 ff 49 8b 7f 18 


Stack slot to memory mapping:
stack at sp + 0 slots: 0x00007f3c9cc18940 is pointing into the stack for thread: 0x00007f3c980b1c10
stack at sp + 1 slots: 0x00007f3c980b1c10 is a thread
stack at sp + 2 slots: 0x00007f3c9e4838c8 points into unknown readable memory: 0x6573001880c9ffff | ff ff c9 80 18 00 73 65
stack at sp + 3 slots: 0x0000000800c417a0 is a pointer to class: 
jdk.vm.ci.services.Services {0x0000000800c417a0}
 - instance size:     2
 - klass size:        65
 - access:            public final synchronized 
 - state:             fully_initialized
 - name:              'jdk/vm/ci/services/Services'
 - super:             'java/lang/Object'
 - sub:               
 - arrays:            NULL
 - methods:           Array<T>(0x00007f3c9d442898)
 - method ordering:   Array<T>(0x0000000800928960)
 - default_methods:   Array<T>(0x0000000000000000)
 - local interfaces:  Array<T>(0x00000008005ce810)
 - trans. interfaces: Array<T>(0x00000008005ce810)
 - constants:         constant pool [427] {0x00007f3c9d441978} for 'jdk/vm/ci/services/Services' cache=0x00007f3c9d443b68
 - class loader data:  loader data: 0x00007f3c98027cc0 of 'bootstrap'
 - source file:       'Services.java'
 - class annotations:       Array<T>(0x0000000000000000)
 - class type annotations:  Array<T>(0x0000000000000000)
 - field annotations:       Array<T>(0x0000000000000000)
 - field type annotations:  Array<T>(0x0000000000000000)
 - inner classes:     Array<T>(0x00007f3c9d443b38)
 - nest members:     Array<T>(0x00007f3c9d443b58)
 - permitted subclasses:     Array<T>(0x00000008005ce7a0)
 - java mirror:       a 'java/lang/Class'{0x00000000e0146b28} = 'jdk/vm/ci/services/Services'
 - vtable length      5  (start addr: 0x0000000800c41970)
 - itable length      2 (start addr: 0x0000000800c41998)
 - ---- static fields (3 words):
 - public static final 'IS_BUILDING_NATIVE_IMAGE' 'Z' @128 
 - public static final 'IS_IN_NATIVE_IMAGE' 'Z' @129 
 - private static volatile 'savedProperties' 'Ljava/util/Map;' @112 
 - static final 'JVMCI_ENABLED' 'Z' @130 
 - private static final 'servicesCache' 'Ljava/util/Map;' @116 
 - private static final 'MAX_UNICODE_IN_UTF8_LENGTH' 'I' @120 
 - private static final 'MAX_UTF8_PROPERTY_STRING_LENGTH' 'I' @124 
 - ---- non-static fields (0 words):
 - non-static oop maps: 
stack at sp + 4 slots: 0x00007f3c9cc18500 is pointing into the stack for thread: 0x00007f3c980b1c10
stack at sp + 5 slots: 0x00007f3ca06362fe: <offset 0x000000000093e2fe> in /nix/store/gpxl5qgg8kicmcvivwmybwjlpf7wh20l-graalvm17-ce-22.3.0/lib/server/libjvm.so at 0x00007f3c9fcf8000
stack at sp + 6 slots: 0x00007f3c9cc183e0 is pointing into the stack for thread: 0x00007f3c980b1c10
stack at sp + 7 slots: 0x00007f3c9cc18440 is pointing into the stack for thread: 0x00007f3c980b1c10


---------------  P R O C E S S  ---------------

Threads class SMR info:
_java_thread_list=0x00007f3bec000b70, length=24, elements={
0x00007f3c98025f60, 0x00007f3c980a5f00, 0x00007f3c980a7340, 0x00007f3c980ada80,
0x00007f3c980aee30, 0x00007f3c980b0220, 0x00007f3c980b1c10, 0x00007f3c980b3120,
0x00007f3c980b4570, 0x00007f3c980d7eb0, 0x00007f3c9811fa80, 0x00007f3c98333ff0,
0x00007f3c98367c60, 0x00007f3c98369af0, 0x00007f3c981a4b40, 0x00007f3c30017150,
0x00007f3c302ab5f0, 0x00007f3c3030db80, 0x00007f3c3048d710, 0x00007f3c305f31b0,
0x00007f3c98394fe0, 0x00007f3c984c1360, 0x00007f3c08000ff0, 0x00007f3bfc4247e0
}

Java Threads: ( => current thread )
  0x00007f3c98025f60 JavaThread "main" [_thread_blocked, id=42, stack(0x00007f3c9fb13000,0x00007f3c9fc13000)]
  0x00007f3c980a5f00 JavaThread "Reference Handler" daemon [_thread_blocked, id=45, stack(0x00007f3c9d300000,0x00007f3c9d400000)]
  0x00007f3c980a7340 JavaThread "Finalizer" daemon [_thread_blocked, id=46, stack(0x00007f3c9d200000,0x00007f3c9d300000)]
  0x00007f3c980ada80 JavaThread "Signal Dispatcher" daemon [_thread_blocked, id=47, stack(0x00007f3c9ce1a000,0x00007f3c9cf1a000)]
  0x00007f3c980aee30 JavaThread "Service Thread" daemon [_thread_blocked, id=48, stack(0x00007f3c9cd1a000,0x00007f3c9ce1a000)]
  0x00007f3c980b0220 JavaThread "Monitor Deflation Thread" daemon [_thread_blocked, id=49, stack(0x00007f3c9cc1a000,0x00007f3c9cd1a000)]
=>0x00007f3c980b1c10 JavaThread "JVMCI-native CompilerThread0" daemon [_thread_in_vm, id=50, stack(0x00007f3c9ca1a000,0x00007f3c9cc1a000)]
  0x00007f3c980b3120 JavaThread "C1 CompilerThread0" daemon [_thread_blocked, id=51, stack(0x00007f3c9c81a000,0x00007f3c9ca1a000)]
  0x00007f3c980b4570 JavaThread "Sweeper thread" daemon [_thread_blocked, id=52, stack(0x00007f3c9c71a000,0x00007f3c9c81a000)]
  0x00007f3c980d7eb0 JavaThread "Common-Cleaner" daemon [_thread_blocked, id=54, stack(0x00007f3c9c61a000,0x00007f3c9c71a000)]
  0x00007f3c9811fa80 JavaThread "Notification Thread" daemon [_thread_blocked, id=55, stack(0x00007f3c9c51a000,0x00007f3c9c61a000)]
  0x00007f3c98333ff0 JavaThread "Active Thread: Equinox Container: 41eb8a06-35e5-4c9d-9dcc-c8a0f0668def" [_thread_blocked, id=66, stack(0x00007f3c9c100000,0x00007f3c9c200000)]
  0x00007f3c98367c60 JavaThread "Framework Event Dispatcher: Equinox Container: 41eb8a06-35e5-4c9d-9dcc-c8a0f0668def" daemon [_thread_blocked, id=67, stack(0x00007f3c7f3b3000,0x00007f3c7f4b3000)]
  0x00007f3c98369af0 JavaThread "Start Level: Equinox Container: 41eb8a06-35e5-4c9d-9dcc-c8a0f0668def" daemon [_thread_blocked, id=68, stack(0x00007f3c7cf00000,0x00007f3c7d000000)]
  0x00007f3c981a4b40 JavaThread "Refresh Thread: Equinox Container: 41eb8a06-35e5-4c9d-9dcc-c8a0f0668def" daemon [_thread_blocked, id=69, stack(0x00007f3c7cd00000,0x00007f3c7ce00000)]
  0x00007f3c30017150 JavaThread "SCR Component Actor" daemon [_thread_blocked, id=73, stack(0x00007f3c7cb00000,0x00007f3c7cc00000)]
  0x00007f3c302ab5f0 JavaThread "Worker-JM" [_thread_blocked, id=79, stack(0x00007f3c7c700000,0x00007f3c7c800000)]
  0x00007f3c3030db80 JavaThread "Worker-0" [_thread_blocked, id=91, stack(0x00007f3c7c500000,0x00007f3c7c600000)]
  0x00007f3c3048d710 JavaThread "Java indexing" daemon [_thread_blocked, id=93, stack(0x00007f3c7c100000,0x00007f3c7c200000)]
  0x00007f3c305f31b0 JavaThread "Bundle File Closer" daemon [_thread_blocked, id=94, stack(0x00007f3c46d00000,0x00007f3c46e00000)]
  0x00007f3c98394fe0 JavaThread "pool-3-thread-1" [_thread_blocked, id=101, stack(0x00007f3c7c900000,0x00007f3c7ca00000)]
  0x00007f3c984c1360 JavaThread "pool-2-thread-1" [_thread_blocked, id=109, stack(0x00007f3c46900000,0x00007f3c46a00000)]
  0x00007f3c08000ff0 JavaThread "Worker-4" [_thread_blocked, id=111, stack(0x00007f3c46700000,0x00007f3c46800000)]
  0x00007f3bfc4247e0 JavaThread "Okio Watchdog" daemon [_thread_blocked, id=178, stack(0x00007f3c46300000,0x00007f3c46400000)]

Other Threads:
  0x00007f3c980a1640 VMThread "VM Thread" [stack: 0x00007f3c9dc2c000,0x00007f3c9dd2c000] [id=44] _threads_hazard_ptr=0x00007f3bec000b70
  0x00007f3c98121420 WatcherThread [stack: 0x00007f3c9c41a000,0x00007f3c9c51a000] [id=56]
  0x00007f3c9803d860 GCTaskThread "GC Thread#0" [stack: 0x00007f3c9f6d6000,0x00007f3c9f7d6000] [id=43]

Threads with active compile tasks:
JVMCI-native CompilerThread0  1171191 8971       4       java.util.ArrayList::remove (26 bytes)

VM state: synchronizing (normal execution)

VM Mutex/Monitor currently owned by a thread:  ([mutex/lock_event])
[0x00007f3c98023110] Threads_lock - owner thread: 0x00007f3c980a1640
[0x00007f3c980238c0] Heap_lock - owner thread: 0x00007f3c3048d710

OutOfMemory and StackOverflow Exception counts:
OutOfMemoryError java_heap_errors=2
LinkageErrors=71

Heap address: 0x00000000e0000000, size: 512 MB, Compressed Oops mode: 32-bit

CDS archive(s) mapped at: [0x0000000800000000-0x0000000800bc8000-0x0000000800bc8000), size 12353536, SharedBaseAddress: 0x0000000800000000, ArchiveRelocationMode: 0.
Compressed class space mapped at: 0x0000000800c00000-0x0000000840c00000, reserved size: 1073741824
Narrow klass base: 0x0000000800000000, Narrow klass shift: 0, Narrow klass range: 0x100000000

GC Precious Log:
 CPUs: 8 total, 1 available
 Memory: 1024M
 Large Page Support: Disabled
 NUMA Support: Disabled
 Compressed Oops: Enabled (32-bit)
 Alignments: Space 512K, Generation 512K, Heap 2M
 Heap Min Capacity: 100M
 Heap Initial Capacity: 100M
 Heap Max Capacity: 512M
 Pre-touch: Disabled
 Parallel Workers: 1

Heap:
 PSYoungGen      total 44544K, used 31743K [0x00000000f5580000, 0x00000000fac00000, 0x0000000100000000)
  eden space 31744K, 99% used [0x00000000f5580000,0x00000000f747fff8,0x00000000f7480000)
  from space 12800K, 0% used [0x00000000f7480000,0x00000000f7480000,0x00000000f8100000)
  to   space 25600K, 0% used [0x00000000f9300000,0x00000000f9300000,0x00000000fac00000)
 ParOldGen       total 349696K, used 349696K [0x00000000e0000000, 0x00000000f5580000, 0x00000000f5580000)
  object space 349696K, 100% used [0x00000000e0000000,0x00000000f5580000,0x00000000f5580000)
 Metaspace       used 59663K, committed 60864K, reserved 1105920K
  class space    used 5938K, committed 6400K, reserved 1048576K

Card table byte_map: [0x00007f3c9f7d6000,0x00007f3c9f8d7000] _byte_map_base: 0x00007f3c9f0d6000

Marking Bits: (ParMarkBitMap*) 0x00007f3ca0f264c0
 Begin Bits: [0x00007f3c9e629000, 0x00007f3c9ee29000)
 End Bits:   [0x00007f3c9ee29000, 0x00007f3c9f629000)

Polling page: 0x00007f3c9faf0000

Metaspace:

Usage:
  Non-class:     52.47 MB used.
      Class:      5.80 MB used.
       Both:     58.27 MB used.

Virtual space:
  Non-class space:       56.00 MB reserved,      53.19 MB ( 95%) committed,  7 nodes.
      Class space:        1.00 GB reserved,       6.25 MB ( <1%) committed,  1 nodes.
             Both:        1.05 GB reserved,      59.44 MB (  6%) committed. 

Chunk freelists:
   Non-Class:  2.68 MB
       Class:  1.85 MB
        Both:  4.54 MB

MaxMetaspaceSize: unlimited
CompressedClassSpaceSize: 1.00 GB
Initial GC threshold: 21.00 MB
Current GC threshold: 98.88 MB
CDS: on
MetaspaceReclaimPolicy: balanced
 - commit_granule_bytes: 65536.
 - commit_granule_words: 8192.
 - virtual_space_node_default_size: 1048576.
 - enlarge_chunks_in_place: 1.
 - new_chunks_are_fully_committed: 0.
 - uncommit_free_chunks: 1.
 - use_allocation_guard: 0.
 - handle_deallocations: 1.


Internal statistics:

num_allocs_failed_limit: 6.
num_arena_births: 506.
num_arena_deaths: 150.
num_vsnodes_births: 8.
num_vsnodes_deaths: 0.
num_space_committed: 949.
num_space_uncommitted: 0.
num_chunks_returned_to_freelist: 213.
num_chunks_taken_from_freelist: 2866.
num_chunk_merges: 79.
num_chunk_splits: 1853.
num_chunks_enlarged: 1136.
num_purges: 2.
num_inconsistent_stats: 0.

CodeHeap 'non-profiled nmethods': size=120036Kb used=2707Kb max_used=2707Kb free=117329Kb
 bounds [0x00007f3c86f7a000, 0x00007f3c8722a000, 0x00007f3c8e4b3000]
CodeHeap 'profiled nmethods': size=120032Kb used=13635Kb max_used=16157Kb free=106396Kb
 bounds [0x00007f3c7fa42000, 0x00007f3c80a12000, 0x00007f3c86f7a000]
CodeHeap 'non-nmethods': size=5692Kb used=1387Kb max_used=1407Kb free=4304Kb
 bounds [0x00007f3c7f4b3000, 0x00007f3c7f723000, 0x00007f3c7fa42000]
 total_blobs=7509 nmethods=6789 adapters=632
 compilation: enabled
              stopped_count=0, restarted_count=0
 full_count=0

JVMCI Events (20 events):
Event: 435.781 Thread 0x00007f3c980b1c10 compacted oop handles in JVMCI runtime 0 from 43 to 43
Event: 435.781 Thread 0x00007f3c980b1c10 releasing handles for JVMCI runtime 0: oop handles=43, metadata handles={total=92, live=81, blocks=36}
Event: 435.781 Thread 0x00007f3c980b1c10 detached from JVMCI runtime 0
Event: 1070.595 Thread 0x00007f3c980b1c10 attached to JVMCI runtime 0
Event: 1070.599 Thread 0x00007f3c980b1c10 created JavaVM[3]@0x00007f3c45b9e340 for JVMCI runtime 0
Event: 1070.599 Thread 0x00007f3c980b1c10 initializing JVMCI runtime 0
Event: 1070.599 Thread 0x00007f3c980b1c10 done waiting for JavaVM references initialization in JVMCI runtime 0
Event: 1095.980 Thread 0x00007f3c980b1c10 initialized JVMCI runtime 0
Event: 1104.652 Thread 0x00007f3c980b1c10 compacted oop handles in JVMCI runtime 0 from 68 to 64
Event: 1106.616 Thread 0x00007f3c980b1c10 detaching from JVMCI runtime 0: releasing idle compiler thread (0 other threads still attached)
Event: 1106.616 Thread 0x00007f3c980b1c10 shutting down HotSpotJVMCIRuntime for JVMCI runtime 0
Event: 1106.616 Thread 0x00007f3c980b1c10 shut down JVMCI runtime 0
Event: 1108.772 Thread 0x00007f3c980b1c10 destroyed JavaVM[3]@0x00007f3c45b9e340 for JVMCI runtime 0
Event: 1108.772 Thread 0x00007f3c980b1c10 compacted oop handles in JVMCI runtime 0 from 64 to 64
Event: 1108.772 Thread 0x00007f3c980b1c10 releasing handles for JVMCI runtime 0: oop handles=64, metadata handles={total=119, live=111, blocks=36}
Event: 1108.772 Thread 0x00007f3c980b1c10 detached from JVMCI runtime 0
Event: 1153.258 Thread 0x00007f3c980b1c10 attached to JVMCI runtime 0
Event: 1153.261 Thread 0x00007f3c980b1c10 created JavaVM[4]@0x00007f3c45b9e340 for JVMCI runtime 0
Event: 1155.088 Thread 0x00007f3c980b1c10 initializing JVMCI runtime 0
Event: 1155.088 Thread 0x00007f3c980b1c10 done waiting for JavaVM references initialization in JVMCI runtime 0

Compilation events (20 events):
Event: 574.288 Thread 0x00007f3c980b3120 nmethod 8960 0x00007f3c7fc06b10 code [0x00007f3c7fc06ca0, 0x00007f3c7fc06dd0]
Event: 636.988 Thread 0x00007f3c980b3120 8964       3       java.lang.Thread::interrupted (23 bytes)
Event: 636.988 Thread 0x00007f3c980b3120 nmethod 8964 0x00007f3c7fd9ee10 code [0x00007f3c7fd9efc0, 0x00007f3c7fd9f140]
Event: 636.989 Thread 0x00007f3c980b3120 8963       1       org.eclipse.osgi.internal.framework.EquinoxContainer::getStorage (5 bytes)
Event: 636.989 Thread 0x00007f3c980b3120 nmethod 8963 0x00007f3c8721e210 code [0x00007f3c8721e3a0, 0x00007f3c8721e470]
Event: 814.302 Thread 0x00007f3c980b3120 8965       3       java.util.concurrent.locks.LockSupport::parkNanos (29 bytes)
Event: 818.266 Thread 0x00007f3c980b3120 nmethod 8965 0x00007f3c7fbb3a10 code [0x00007f3c7fbb3be0, 0x00007f3c7fbb3de0]
Event: 855.074 Thread 0x00007f3c980b3120 8966       3       java.util.concurrent.ThreadPoolExecutor::isShutdown (12 bytes)
Event: 859.069 Thread 0x00007f3c980b3120 nmethod 8966 0x00007f3c7fa6ca90 code [0x00007f3c7fa6cc40, 0x00007f3c7fa6ce30]
Event: 865.274 Thread 0x00007f3c980b3120 8967       3       java.util.concurrent.ScheduledThreadPoolExecutor::canRunInCurrentRunState (61 bytes)
Event: 871.158 Thread 0x00007f3c980b3120 nmethod 8967 0x00007f3c7fbf1310 code [0x00007f3c7fbf1520, 0x00007f3c7fbf1fc0]
Event: 1070.595 Thread 0x00007f3c980b1c10 8968       4       java.util.concurrent.locks.AbstractQueuedSynchronizer::release (19 bytes)
Event: 1085.724 Thread 0x00007f3c980b3120 8969   !   3       com.google.gson.internal.reflect.UnsafeReflectionAccessor::makeAccessibleWithUnsafe (126 bytes)
Event: 1095.981 Thread 0x00007f3c980b3120 nmethod 8969 0x00007f3c802f9990 code [0x00007f3c802f9c20, 0x00007f3c802fba00]
Event: 1104.653 Thread 0x00007f3c980b1c10 nmethod 8968 0x00007f3c8721e510 code [0x00007f3c8721e720, 0x00007f3c8721ea00]
Event: 1120.861 Thread 0x00007f3c980b3120 8970       3       java.lang.ThreadLocal::remove (18 bytes)
Event: 1122.952 Thread 0x00007f3c980b3120 nmethod 8970 0x00007f3c7fc5df10 code [0x00007f3c7fc5e0c0, 0x00007f3c7fc5e490]
Event: 1153.258 Thread 0x00007f3c980b1c10 8971       4       java.util.ArrayList::remove (26 bytes)
Event: 1157.190 Thread 0x00007f3c980b3120 8972       3       java.util.concurrent.ThreadPoolExecutor::workerCountOf (5 bytes)
Event: 1157.190 Thread 0x00007f3c980b3120 nmethod 8972 0x00007f3c7fc00a10 code [0x00007f3c7fc00ba0, 0x00007f3c7fc00c90]

GC Heap History (20 events):
Event: 1151.212 GC heap before
{Heap before GC invocations=620 (full 508):
 PSYoungGen      total 44544K, used 31743K [0x00000000f5580000, 0x00000000fac00000, 0x0000000100000000)
  eden space 31744K, 99% used [0x00000000f5580000,0x00000000f747fff0,0x00000000f7480000)
  from space 12800K, 0% used [0x00000000f7480000,0x00000000f7480000,0x00000000f8100000)
  to   space 25600K, 0% used [0x00000000f9300000,0x00000000f9300000,0x00000000fac00000)
 ParOldGen       total 349696K, used 349691K [0x00000000e0000000, 0x00000000f5580000, 0x00000000f5580000)
  object space 349696K, 99% used [0x00000000e0000000,0x00000000f557ee00,0x00000000f5580000)
 Metaspace       used 59628K, committed 60800K, reserved 1105920K
  class space    used 5934K, committed 6400K, reserved 1048576K
}
Event: 1153.256 GC heap after
{Heap after GC invocations=620 (full 508):
 PSYoungGen      total 57344K, used 31743K [0x00000000f5580000, 0x00000000fac00000, 0x0000000100000000)
  eden space 31744K, 99% used [0x00000000f5580000,0x00000000f747fff0,0x00000000f7480000)
  from space 25600K, 0% used [0x00000000f9300000,0x00000000f9300000,0x00000000fac00000)
  to   space 12800K, 0% used [0x00000000f7480000,0x00000000f7480000,0x00000000f8100000)
 ParOldGen       total 349696K, used 349691K [0x00000000e0000000, 0x00000000f5580000, 0x00000000f5580000)
  object space 349696K, 99% used [0x00000000e0000000,0x00000000f557ee00,0x00000000f5580000)
 Metaspace       used 59628K, committed 60800K, reserved 1105920K
  class space    used 5934K, committed 6400K, reserved 1048576K
}
Event: 1153.264 GC heap before
{Heap before GC invocations=621 (full 509):
 PSYoungGen      total 57344K, used 31744K [0x00000000f5580000, 0x00000000fac00000, 0x0000000100000000)
  eden space 31744K, 100% used [0x00000000f5580000,0x00000000f7480000,0x00000000f7480000)
  from space 25600K, 0% used [0x00000000f9300000,0x00000000f9300000,0x00000000fac00000)
  to   space 12800K, 0% used [0x00000000f7480000,0x00000000f7480000,0x00000000f8100000)
 ParOldGen       total 349696K, used 349694K [0x00000000e0000000, 0x00000000f5580000, 0x00000000f5580000)
  object space 349696K, 99% used [0x00000000e0000000,0x00000000f557f8b0,0x00000000f5580000)
 Metaspace       used 59647K, committed 60864K, reserved 1105920K
  class space    used 5936K, committed 6400K, reserved 1048576K
}
Event: 1155.087 GC heap after
{Heap after GC invocations=621 (full 509):
 PSYoungGen      total 44544K, used 31743K [0x00000000f5580000, 0x00000000fac00000, 0x0000000100000000)
  eden space 31744K, 99% used [0x00000000f5580000,0x00000000f747ff50,0x00000000f7480000)
  from space 12800K, 0% used [0x00000000f7480000,0x00000000f7480000,0x00000000f8100000)
  to   space 25600K, 0% used [0x00000000f9300000,0x00000000f9300000,0x00000000fac00000)
 ParOldGen       total 349696K, used 349691K [0x00000000e0000000, 0x00000000f5580000, 0x00000000f5580000)
  object space 349696K, 99% used [0x00000000e0000000,0x00000000f557ef00,0x00000000f5580000)
 Metaspace       used 59647K, committed 60864K, reserved 1105920K
  class space    used 5936K, committed 6400K, reserved 1048576K
}
Event: 1155.088 GC heap before
{Heap before GC invocations=622 (full 510):
 PSYoungGen      total 44544K, used 31743K [0x00000000f5580000, 0x00000000fac00000, 0x0000000100000000)
  eden space 31744K, 99% used [0x00000000f5580000,0x00000000f747fff8,0x00000000f7480000)
  from space 12800K, 0% used [0x00000000f7480000,0x00000000f7480000,0x00000000f8100000)
  to   space 25600K, 0% used [0x00000000f9300000,0x00000000f9300000,0x00000000fac00000)
 ParOldGen       total 349696K, used 349691K [0x00000000e0000000, 0x00000000f5580000, 0x00000000f5580000)
  object space 349696K, 99% used [0x00000000e0000000,0x00000000f557ef00,0x00000000f5580000)
 Metaspace       used 59647K, committed 60864K, reserved 1105920K
  class space    used 5936K, committed 6400K, reserved 1048576K
}
Event: 1157.189 GC heap after
{Heap after GC invocations=622 (full 510):
 PSYoungGen      total 57344K, used 31743K [0x00000000f5580000, 0x00000000fac00000, 0x0000000100000000)
  eden space 31744K, 99% used [0x00000000f5580000,0x00000000f747fff8,0x00000000f7480000)
  from space 25600K, 0% used [0x00000000f9300000,0x00000000f9300000,0x00000000fac00000)
  to   space 12800K, 0% used [0x00000000f7480000,0x00000000f7480000,0x00000000f8100000)
 ParOldGen       total 349696K, used 349691K [0x00000000e0000000, 0x00000000f5580000, 0x00000000f5580000)
  object space 349696K, 99% used [0x00000000e0000000,0x00000000f557ef00,0x00000000f5580000)
 Metaspace       used 59647K, committed 60864K, reserved 1105920K
  class space    used 5936K, committed 6400K, reserved 1048576K
}
Event: 1157.191 GC heap before
{Heap before GC invocations=623 (full 511):
 PSYoungGen      total 57344K, used 31743K [0x00000000f5580000, 0x00000000fac00000, 0x0000000100000000)
  eden space 31744K, 99% used [0x00000000f5580000,0x00000000f747fff8,0x00000000f7480000)
  from space 25600K, 0% used [0x00000000f9300000,0x00000000f9300000,0x00000000fac00000)
  to   space 12800K, 0% used [0x00000000f7480000,0x00000000f7480000,0x00000000f8100000)
 ParOldGen       total 349696K, used 349694K [0x00000000e0000000, 0x00000000f5580000, 0x00000000f5580000)
  object space 349696K, 99% used [0x00000000e0000000,0x00000000f557fa28,0x00000000f5580000)
 Metaspace       used 59663K, committed 60864K, reserved 1105920K
  class space    used 5938K, committed 6400K, reserved 1048576K
}
Event: 1159.304 GC heap after
{Heap after GC invocations=623 (full 511):
 PSYoungGen      total 44544K, used 31743K [0x00000000f5580000, 0x00000000fac00000, 0x0000000100000000)
  eden space 31744K, 99% used [0x00000000f5580000,0x00000000f747fff8,0x00000000f7480000)
  from space 12800K, 0% used [0x00000000f7480000,0x00000000f7480000,0x00000000f8100000)
  to   space 25600K, 0% used [0x00000000f9300000,0x00000000f9300000,0x00000000fac00000)
 ParOldGen       total 349696K, used 349694K [0x00000000e0000000, 0x00000000f5580000, 0x00000000f5580000)
  object space 349696K, 99% used [0x00000000e0000000,0x00000000f557f8c0,0x00000000f5580000)
 Metaspace       used 59663K, committed 60864K, reserved 1105920K
  class space    used 5938K, committed 6400K, reserved 1048576K
}
Event: 1159.348 GC heap before
{Heap before GC invocations=624 (full 512):
 PSYoungGen      total 44544K, used 31743K [0x00000000f5580000, 0x00000000fac00000, 0x0000000100000000)
  eden space 31744K, 99% used [0x00000000f5580000,0x00000000f747fff8,0x00000000f7480000)
  from space 12800K, 0% used [0x00000000f7480000,0x00000000f7480000,0x00000000f8100000)
  to   space 25600K, 0% used [0x00000000f9300000,0x00000000f9300000,0x00000000fac00000)
 ParOldGen       total 349696K, used 349695K [0x00000000e0000000, 0x00000000f5580000, 0x00000000f5580000)
  object space 349696K, 99% used [0x00000000e0000000,0x00000000f557ff78,0x00000000f5580000)
 Metaspace       used 59663K, committed 60864K, reserved 1105920K
  class space    used 5938K, committed 6400K, reserved 1048576K
}
Event: 1161.304 GC heap after
{Heap after GC invocations=624 (full 512):
 PSYoungGen      total 57344K, used 31743K [0x00000000f5580000, 0x00000000fac00000, 0x0000000100000000)
  eden space 31744K, 99% used [0x00000000f5580000,0x00000000f747fff8,0x00000000f7480000)
  from space 25600K, 0% used [0x00000000f9300000,0x00000000f9300000,0x00000000fac00000)
  to   space 12800K, 0% used [0x00000000f7480000,0x00000000f7480000,0x00000000f8100000)
 ParOldGen       total 349696K, used 349694K [0x00000000e0000000, 0x00000000f5580000, 0x00000000f5580000)
  object space 349696K, 99% used [0x00000000e0000000,0x00000000f557fa10,0x00000000f5580000)
 Metaspace       used 59663K, committed 60864K, reserved 1105920K
  class space    used 5938K, committed 6400K, reserved 1048576K
}
Event: 1161.304 GC heap before
{Heap before GC invocations=625 (full 513):
 PSYoungGen      total 57344K, used 31743K [0x00000000f5580000, 0x00000000fac00000, 0x0000000100000000)
  eden space 31744K, 99% used [0x00000000f5580000,0x00000000f747fff8,0x00000000f7480000)
  from space 25600K, 0% used [0x00000000f9300000,0x00000000f9300000,0x00000000fac00000)
  to   space 12800K, 0% used [0x00000000f7480000,0x00000000f7480000,0x00000000f8100000)
 ParOldGen       total 349696K, used 349695K [0x00000000e0000000, 0x00000000f5580000, 0x00000000f5580000)
  object space 349696K, 99% used [0x00000000e0000000,0x00000000f557ffe8,0x00000000f5580000)
 Metaspace       used 59663K, committed 60864K, reserved 1105920K
  class space    used 5938K, committed 6400K, reserved 1048576K
}
Event: 1163.353 GC heap after
{Heap after GC invocations=625 (full 513):
 PSYoungGen      total 44544K, used 31743K [0x00000000f5580000, 0x00000000fac00000, 0x0000000100000000)
  eden space 31744K, 99% used [0x00000000f5580000,0x00000000f747fff8,0x00000000f7480000)
  from space 12800K, 0% used [0x00000000f7480000,0x00000000f7480000,0x00000000f8100000)
  to   space 25600K, 0% used [0x00000000f9300000,0x00000000f9300000,0x00000000fac00000)
 ParOldGen       total 349696K, used 349695K [0x00000000e0000000, 0x00000000f5580000, 0x00000000f5580000)
  object space 349696K, 99% used [0x00000000e0000000,0x00000000f557ff98,0x00000000f5580000)
 Metaspace       used 59663K, committed 60864K, reserved 1105920K
  class space    used 5938K, committed 6400K, reserved 1048576K
}
Event: 1163.353 GC heap before
{Heap before GC invocations=626 (full 514):
 PSYoungGen      total 44544K, used 31743K [0x00000000f5580000, 0x00000000fac00000, 0x0000000100000000)
  eden space 31744K, 99% used [0x00000000f5580000,0x00000000f747fff8,0x00000000f7480000)
  from space 12800K, 0% used [0x00000000f7480000,0x00000000f7480000,0x00000000f8100000)
  to   space 25600K, 0% used [0x00000000f9300000,0x00000000f9300000,0x00000000fac00000)
 ParOldGen       total 349696K, used 349695K [0x00000000e0000000, 0x00000000f5580000, 0x00000000f5580000)
  object space 349696K, 99% used [0x00000000e0000000,0x00000000f557ffe8,0x00000000f5580000)
 Metaspace       used 59663K, committed 60864K, reserved 1105920K
  class space    used 5938K, committed 6400K, reserved 1048576K
}
Event: 1165.390 GC heap after
{Heap after GC invocations=626 (full 514):
 PSYoungGen      total 57344K, used 31743K [0x00000000f5580000, 0x00000000fac00000, 0x0000000100000000)
  eden space 31744K, 99% used [0x00000000f5580000,0x00000000f747fff8,0x00000000f7480000)
  from space 25600K, 0% used [0x00000000f9300000,0x00000000f9300000,0x00000000fac00000)
  to   space 12800K, 0% used [0x00000000f7480000,0x00000000f7480000,0x00000000f8100000)
 ParOldGen       total 349696K, used 349695K [0x00000000e0000000, 0x00000000f5580000, 0x00000000f5580000)
  object space 349696K, 99% used [0x00000000e0000000,0x00000000f557ffe8,0x00000000f5580000)
 Metaspace       used 59663K, committed 60864K, reserved 1105920K
  class space    used 5938K, committed 6400K, reserved 1048576K
}
Event: 1165.390 GC heap before
{Heap before GC invocations=627 (full 515):
 PSYoungGen      total 57344K, used 31743K [0x00000000f5580000, 0x00000000fac00000, 0x0000000100000000)
  eden space 31744K, 99% used [0x00000000f5580000,0x00000000f747fff8,0x00000000f7480000)
  from space 25600K, 0% used [0x00000000f9300000,0x00000000f9300000,0x00000000fac00000)
  to   space 12800K, 0% used [0x00000000f7480000,0x00000000f7480000,0x00000000f8100000)
 ParOldGen       total 349696K, used 349695K [0x00000000e0000000, 0x00000000f5580000, 0x00000000f5580000)
  object space 349696K, 99% used [0x00000000e0000000,0x00000000f557ffe8,0x00000000f5580000)
 Metaspace       used 59663K, committed 60864K, reserved 1105920K
  class space    used 5938K, committed 6400K, reserved 1048576K
}
Event: 1167.190 GC heap after
{Heap after GC invocations=627 (full 515):
 PSYoungGen      total 44544K, used 31743K [0x00000000f5580000, 0x00000000fac00000, 0x0000000100000000)
  eden space 31744K, 99% used [0x00000000f5580000,0x00000000f747fff8,0x00000000f7480000)
  from space 12800K, 0% used [0x00000000f7480000,0x00000000f7480000,0x00000000f8100000)
  to   space 25600K, 0% used [0x00000000f9300000,0x00000000f9300000,0x00000000fac00000)
 ParOldGen       total 349696K, used 349695K [0x00000000e0000000, 0x00000000f5580000, 0x00000000f5580000)
  object space 349696K, 99% used [0x00000000e0000000,0x00000000f557ff90,0x00000000f5580000)
 Metaspace       used 59663K, committed 60864K, reserved 1105920K
  class space    used 5938K, committed 6400K, reserved 1048576K
}
Event: 1167.191 GC heap before
{Heap before GC invocations=628 (full 516):
 PSYoungGen      total 44544K, used 31743K [0x00000000f5580000, 0x00000000fac00000, 0x0000000100000000)
  eden space 31744K, 99% used [0x00000000f5580000,0x00000000f747fff8,0x00000000f7480000)
  from space 12800K, 0% used [0x00000000f7480000,0x00000000f7480000,0x00000000f8100000)
  to   space 25600K, 0% used [0x00000000f9300000,0x00000000f9300000,0x00000000fac00000)
 ParOldGen       total 349696K, used 349696K [0x00000000e0000000, 0x00000000f5580000, 0x00000000f5580000)
  object space 349696K, 100% used [0x00000000e0000000,0x00000000f5580000,0x00000000f5580000)
 Metaspace       used 59663K, committed 60864K, reserved 1105920K
  class space    used 5938K, committed 6400K, reserved 1048576K
}
Event: 1169.094 GC heap after
{Heap after GC invocations=628 (full 516):
 PSYoungGen      total 57344K, used 31743K [0x00000000f5580000, 0x00000000fac00000, 0x0000000100000000)
  eden space 31744K, 99% used [0x00000000f5580000,0x00000000f747fff8,0x00000000f7480000)
  from space 25600K, 0% used [0x00000000f9300000,0x00000000f9300000,0x00000000fac00000)
  to   space 12800K, 0% used [0x00000000f7480000,0x00000000f7480000,0x00000000f8100000)
 ParOldGen       total 349696K, used 349696K [0x00000000e0000000, 0x00000000f5580000, 0x00000000f5580000)
  object space 349696K, 100% used [0x00000000e0000000,0x00000000f5580000,0x00000000f5580000)
 Metaspace       used 59663K, committed 60864K, reserved 1105920K
  class space    used 5938K, committed 6400K, reserved 1048576K
}
Event: 1169.094 GC heap before
{Heap before GC invocations=629 (full 517):
 PSYoungGen      total 57344K, used 31743K [0x00000000f5580000, 0x00000000fac00000, 0x0000000100000000)
  eden space 31744K, 99% used [0x00000000f5580000,0x00000000f747fff8,0x00000000f7480000)
  from space 25600K, 0% used [0x00000000f9300000,0x00000000f9300000,0x00000000fac00000)
  to   space 12800K, 0% used [0x00000000f7480000,0x00000000f7480000,0x00000000f8100000)
 ParOldGen       total 349696K, used 349696K [0x00000000e0000000, 0x00000000f5580000, 0x00000000f5580000)
  object space 349696K, 100% used [0x00000000e0000000,0x00000000f5580000,0x00000000f5580000)
 Metaspace       used 59663K, committed 60864K, reserved 1105920K
  class space    used 5938K, committed 6400K, reserved 1048576K
}
Event: 1171.070 GC heap after
{Heap after GC invocations=629 (full 517):
 PSYoungGen      total 44544K, used 31743K [0x00000000f5580000, 0x00000000fac00000, 0x0000000100000000)
  eden space 31744K, 99% used [0x00000000f5580000,0x00000000f747fff8,0x00000000f7480000)
  from space 12800K, 0% used [0x00000000f7480000,0x00000000f7480000,0x00000000f8100000)
  to   space 25600K, 0% used [0x00000000f9300000,0x00000000f9300000,0x00000000fac00000)
 ParOldGen       total 349696K, used 349696K [0x00000000e0000000, 0x00000000f5580000, 0x00000000f5580000)
  object space 349696K, 100% used [0x00000000e0000000,0x00000000f5580000,0x00000000f5580000)
 Metaspace       used 59663K, committed 60864K, reserved 1105920K
  class space    used 5938K, committed 6400K, reserved 1048576K
}

Dll operation events (9 events):
Event: 0.003 Loaded shared library /nix/store/gpxl5qgg8kicmcvivwmybwjlpf7wh20l-graalvm17-ce-22.3.0/lib/libjava.so
Event: 0.062 Loaded shared library /nix/store/gpxl5qgg8kicmcvivwmybwjlpf7wh20l-graalvm17-ce-22.3.0/lib/libjsvml.so
Event: 0.382 Loaded shared library /nix/store/gpxl5qgg8kicmcvivwmybwjlpf7wh20l-graalvm17-ce-22.3.0/lib/libnio.so
Event: 0.407 Loaded shared library /nix/store/gpxl5qgg8kicmcvivwmybwjlpf7wh20l-graalvm17-ce-22.3.0/lib/libzip.so
Event: 0.420 Loaded shared library /nix/store/gpxl5qgg8kicmcvivwmybwjlpf7wh20l-graalvm17-ce-22.3.0/lib/libjvmcicompiler.so
Event: 0.854 Loaded shared library /nix/store/gpxl5qgg8kicmcvivwmybwjlpf7wh20l-graalvm17-ce-22.3.0/lib/libjimage.so
Event: 1.457 Loaded shared library /nix/store/gpxl5qgg8kicmcvivwmybwjlpf7wh20l-graalvm17-ce-22.3.0/lib/libnet.so
Event: 5.884 Loaded shared library /home/runner/.cache/jdt-language-server/config/org.eclipse.equinox.launcher/org.eclipse.equinox.launcher.gtk.linux.x86_64_1.2.400.v20211117-0650/eclipse_11600.so
Event: 20.067 Loaded shared library /nix/store/gpxl5qgg8kicmcvivwmybwjlpf7wh20l-graalvm17-ce-22.3.0/lib/libextnet.so

Deoptimization events (20 events):
Event: 100.969 Thread 0x00007f3c3048d710 DEOPT PACKING pc=0x00007f3c7fc71d5d sp=0x00007f3c7c1fe530
Event: 100.969 Thread 0x00007f3c3048d710 DEOPT UNPACKING pc=0x00007f3c7f505325 sp=0x00007f3c7c1fda20 mode 0
Event: 101.049 Thread 0x00007f3c3048d710 DEOPT PACKING pc=0x00007f3c7fc71d5d sp=0x00007f3c7c1fe530
Event: 101.049 Thread 0x00007f3c3048d710 DEOPT UNPACKING pc=0x00007f3c7f505325 sp=0x00007f3c7c1fda20 mode 0
Event: 101.051 Thread 0x00007f3c3048d710 DEOPT PACKING pc=0x00007f3c7fc71d5d sp=0x00007f3c7c1fe530
Event: 101.051 Thread 0x00007f3c3048d710 DEOPT UNPACKING pc=0x00007f3c7f505325 sp=0x00007f3c7c1fda20 mode 0
Event: 101.058 Thread 0x00007f3c3048d710 DEOPT PACKING pc=0x00007f3c7fc71d5d sp=0x00007f3c7c1fe530
Event: 101.058 Thread 0x00007f3c3048d710 DEOPT UNPACKING pc=0x00007f3c7f505325 sp=0x00007f3c7c1fda20 mode 0
Event: 101.061 Thread 0x00007f3c3048d710 DEOPT PACKING pc=0x00007f3c7fc71d5d sp=0x00007f3c7c1fe530
Event: 101.061 Thread 0x00007f3c3048d710 DEOPT UNPACKING pc=0x00007f3c7f505325 sp=0x00007f3c7c1fda20 mode 0
Event: 101.063 Thread 0x00007f3c3048d710 DEOPT PACKING pc=0x00007f3c7fc71d5d sp=0x00007f3c7c1fe530
Event: 101.063 Thread 0x00007f3c3048d710 DEOPT UNPACKING pc=0x00007f3c7f505325 sp=0x00007f3c7c1fda20 mode 0
Event: 101.065 Thread 0x00007f3c3048d710 DEOPT PACKING pc=0x00007f3c7fc71d5d sp=0x00007f3c7c1fe530
Event: 101.065 Thread 0x00007f3c3048d710 DEOPT UNPACKING pc=0x00007f3c7f505325 sp=0x00007f3c7c1fda20 mode 0
Event: 101.067 Thread 0x00007f3c3048d710 DEOPT PACKING pc=0x00007f3c7fc71d5d sp=0x00007f3c7c1fe530
Event: 101.067 Thread 0x00007f3c3048d710 DEOPT UNPACKING pc=0x00007f3c7f505325 sp=0x00007f3c7c1fda20 mode 0
Event: 427.197 Thread 0x00007f3c000051e0 Uncommon trap: trap_request=0xffffffed fr.pc=0x00007f3c8721d9db relative=0x000000000000005b
Event: 427.197 Thread 0x00007f3c000051e0 Uncommon trap: reason=null_assert_or_unreached0 action=reinterpret pc=0x00007f3c8721d9db method=java.lang.Thread.interrupted()Z @ 8 jvmci
Event: 427.197 Thread 0x00007f3c000051e0 DEOPT PACKING pc=0x00007f3c8721d9db sp=0x00007f3c46afe650
Event: 427.197 Thread 0x00007f3c000051e0 DEOPT UNPACKING pc=0x00007f3c7f505325 sp=0x00007f3c46afdae0 mode 3

Classes unloaded (20 events):
Event: 110.387 Thread 0x00007f3c980a1640 Unloading class 0x0000000800ef0000 'jdk/internal/reflect/GeneratedConstructorAccessor8'
Event: 110.387 Thread 0x00007f3c980a1640 Unloading class 0x0000000800d99000 'java/lang/invoke/LambdaForm$MH+0x0000000800d99000'
Event: 110.387 Thread 0x00007f3c980a1640 Unloading class 0x0000000800d98c00 'java/lang/invoke/LambdaForm$MH+0x0000000800d98c00'
Event: 110.387 Thread 0x00007f3c980a1640 Unloading class 0x0000000800d98800 'java/lang/invoke/LambdaForm$MH+0x0000000800d98800'
Event: 110.387 Thread 0x00007f3c980a1640 Unloading class 0x0000000800d98400 'java/lang/invoke/LambdaForm$MH+0x0000000800d98400'
Event: 110.387 Thread 0x00007f3c980a1640 Unloading class 0x0000000800d98000 'jdk/internal/reflect/GeneratedConstructorAccessor3'
Event: 110.387 Thread 0x00007f3c980a1640 Unloading class 0x0000000800d06800 'java/lang/invoke/LambdaForm$MH+0x0000000800d06800'
Event: 110.387 Thread 0x00007f3c980a1640 Unloading class 0x0000000800d06000 'java/lang/invoke/LambdaForm$MH+0x0000000800d06000'
Event: 110.387 Thread 0x00007f3c980a1640 Unloading class 0x0000000800d05c00 'java/lang/invoke/LambdaForm$MH+0x0000000800d05c00'
Event: 110.387 Thread 0x00007f3c980a1640 Unloading class 0x0000000800d05800 'java/lang/invoke/LambdaForm$MH+0x0000000800d05800'
Event: 110.387 Thread 0x00007f3c980a1640 Unloading class 0x0000000800d05000 'java/lang/invoke/LambdaForm$MH+0x0000000800d05000'
Event: 110.387 Thread 0x00007f3c980a1640 Unloading class 0x0000000800d04c00 'java/lang/invoke/LambdaForm$MH+0x0000000800d04c00'
Event: 110.387 Thread 0x00007f3c980a1640 Unloading class 0x0000000800d04800 'java/lang/invoke/LambdaForm$MH+0x0000000800d04800'
Event: 110.387 Thread 0x00007f3c980a1640 Unloading class 0x0000000800d04000 'java/lang/invoke/LambdaForm$MH+0x0000000800d04000'
Event: 110.388 Thread 0x00007f3c980a1640 Unloading class 0x0000000800c1d000 'jdk/internal/reflect/GeneratedMethodAccessor5'
Event: 110.388 Thread 0x00007f3c980a1640 Unloading class 0x0000000800c1cc00 'jdk/internal/reflect/GeneratedMethodAccessor4'
Event: 110.388 Thread 0x00007f3c980a1640 Unloading class 0x0000000800c1c800 'jdk/internal/reflect/GeneratedMethodAccessor3'
Event: 110.388 Thread 0x00007f3c980a1640 Unloading class 0x0000000800c1c400 'jdk/internal/reflect/GeneratedMethodAccessor2'
Event: 110.388 Thread 0x00007f3c980a1640 Unloading class 0x0000000800c1c000 'jdk/internal/reflect/GeneratedMethodAccessor1'
Event: 110.388 Thread 0x00007f3c980a1640 Unloading class 0x0000000800c01c00 'java/lang/invoke/LambdaForm$DMH+0x0000000800c01c00'

Classes redefined (0 events):
No events

Internal exceptions (20 events):
Event: 61.191 Thread 0x00007f3c08000ff0 Exception <a 'java/lang/NoSuchMethodError'{0x00000000f5b44cb0}: 'java.lang.Object java.lang.invoke.DirectMethodHandle$Holder.invokeStatic(java.lang.Object, java.lang.Object, java.lang.Object, long)'> (0x00000000f5b44cb0) 
thrown [src/hotspot/share/interpreter/linkResolver.cpp, line 758]
Event: 61.193 Thread 0x00007f3c08000ff0 Exception <a 'java/lang/NoSuchMethodError'{0x00000000f5f4a170}: 'java.lang.Object java.lang.invoke.DirectMethodHandle$Holder.newInvokeSpecial(java.lang.Object, java.lang.Object, java.lang.Object, long)'> (0x00000000f5f4a170) 
thrown [src/hotspot/share/interpreter/linkResolver.cpp, line 758]
Event: 61.193 Thread 0x00007f3c08000ff0 Exception <a 'java/lang/NoSuchMethodError'{0x00000000f5f4e288}: 'java.lang.Object java.lang.invoke.DirectMethodHandle$Holder.invokeSpecial(java.lang.Object, java.lang.Object, java.lang.Object, java.lang.Object, long)'> (0x00000000f5f4e288) 
thrown [src/hotspot/share/interpreter/linkResolver.cpp, line 758]
Event: 61.193 Thread 0x00007f3c08000ff0 Exception <a 'java/lang/NoSuchMethodError'{0x00000000f5f51df0}: 'java.lang.Object java.lang.invoke.Invokers$Holder.linkToTargetMethod(java.lang.Object, java.lang.Object, long, java.lang.Object)'> (0x00000000f5f51df0) 
thrown [src/hotspot/share/interpreter/linkResolver.cpp, line 758]
Event: 61.365 Thread 0x00007f3c3030db80 Exception <a 'java/io/FileNotFoundException'{0x00000000f638e1a0}> (0x00000000f638e1a0) 
thrown [src/hotspot/share/prims/jni.cpp, line 516]
Event: 61.489 Thread 0x00007f3c10001130 Exception <a 'java/lang/NoSuchMethodError'{0x00000000f562a6d8}: 'java.lang.Object java.lang.invoke.DirectMethodHandle$Holder.newInvokeSpecial(java.lang.Object, java.lang.Object, int, java.lang.Object, java.lang.Object)'> (0x00000000f562a6d8) 
thrown [src/hotspot/share/interpreter/linkResolver.cpp, line 758]
Event: 61.489 Thread 0x00007f3c10001130 Exception <a 'java/lang/NoSuchMethodError'{0x00000000f562ed68}: 'java.lang.Object java.lang.invoke.DirectMethodHandle$Holder.invokeSpecial(java.lang.Object, java.lang.Object, java.lang.Object, int, java.lang.Object, java.lang.Object)'> (0x00000000f562ed68) 
thrown [src/hotspot/share/interpreter/linkResolver.cpp, line 758]
Event: 61.693 Thread 0x00007f3c10001130 Exception <a 'java/lang/NoSuchMethodError'{0x00000000f5f64fb8}: 'java.lang.Object java.lang.invoke.DirectMethodHandle$Holder.newInvokeSpecial(java.lang.Object, java.lang.Object, java.lang.Object, int, java.lang.Object)'> (0x00000000f5f64fb8) 
thrown [src/hotspot/share/interpreter/linkResolver.cpp, line 758]
Event: 61.750 Thread 0x00007f3c10001130 Exception <a 'java/lang/NoSuchMethodError'{0x00000000f5f69168}: 'java.lang.Object java.lang.invoke.DirectMethodHandle$Holder.invokeSpecial(java.lang.Object, java.lang.Object, java.lang.Object, java.lang.Object, int, java.lang.Object)'> (0x00000000f5f69168) 
thrown [src/hotspot/share/interpreter/linkResolver.cpp, line 758]
Event: 61.751 Thread 0x00007f3c10001130 Exception <a 'java/lang/NoSuchMethodError'{0x00000000f5f6cc50}: 'java.lang.Object java.lang.invoke.Invokers$Holder.linkToTargetMethod(java.lang.Object, java.lang.Object, int, java.lang.Object, java.lang.Object)'> (0x00000000f5f6cc50) 
thrown [src/hotspot/share/interpreter/linkResolver.cpp, line 758]
Event: 67.071 Thread 0x00007f3c0410aaf0 Implicit null exception at 0x00007f3c870d37e9 to 0x00007f3c870d399b
Event: 69.949 Thread 0x00007f3c0410a430 Exception <a 'java/lang/NoSuchMethodError'{0x00000000f587c660}: 'java.lang.Object java.lang.invoke.DirectMethodHandle$Holder.invokeStatic(java.lang.Object, int, java.lang.Object, java.lang.Object, java.lang.Object, java.lang.Object)'> (0x00000000f587c660) 
thrown [src/hotspot/share/interpreter/linkResolver.cpp, line 758]
Event: 69.950 Thread 0x00007f3c0410a430 Exception <a 'java/lang/NoSuchMethodError'{0x00000000f5884b80}: 'java.lang.Object java.lang.invoke.DirectMethodHandle$Holder.newInvokeSpecial(java.lang.Object, int, java.lang.Object, java.lang.Object, java.lang.Object)'> (0x00000000f5884b80) 
thrown [src/hotspot/share/interpreter/linkResolver.cpp, line 758]
Event: 70.170 Thread 0x00007f3c0410aaf0 Exception <a 'java/lang/NoSuchMethodError'{0x00000000f61f5028}: 'java.lang.Object java.lang.invoke.DirectMethodHandle$Holder.newInvokeSpecial(java.lang.Object, java.lang.Object, int, java.lang.Object, java.lang.Object, java.lang.Object, java.lang.Object)'> (0x00000000f61f5028) 
thrown [src/hotspot/share/interpreter/linkResolver.cpp, line 758]
Event: 70.486 Thread 0x00007f3c0410aaf0 Exception <a 'java/lang/NoSuchMethodError'{0x00000000f5724c78}: 'void java.lang.invoke.DirectMethodHandle$Holder.invokeSpecial(java.lang.Object, java.lang.Object, int)'> (0x00000000f5724c78) 
thrown [src/hotspot/share/interpreter/linkResolver.cpp, line 758]
Event: 72.182 Thread 0x00007f3c0410a430 Exception <a 'java/lang/NoSuchMethodError'{0x00000000f6b194b0}: 'int java.lang.invoke.DirectMethodHandle$Holder.invokeSpecialIFC(java.lang.Object, java.lang.Object, java.lang.Object, java.lang.Object)'> (0x00000000f6b194b0) 
thrown [src/hotspot/share/interpreter/linkResolver.cpp, line 758]
Event: 79.698 Thread 0x00007f3c3048d710 Implicit null exception at 0x00007f3c871b1c95 to 0x00007f3c871b237e
Event: 1142.513 Thread 0x00007f3c984c1360 Exception <a 'java/lang/OutOfMemoryError'{0x00000000e00041a0}> (0x00000000e00041a0) 
thrown [src/hotspot/share/gc/shared/memAllocator.cpp, line 136]
Event: 1142.513 Thread 0x00007f3c984c1360 Exception <a 'java/lang/reflect/InvocationTargetException'{0x00000000f557e920}> (0x00000000f557e920) 
thrown [src/hotspot/share/runtime/reflection.cpp, line 1119]
Event: 1171.070 Thread 0x00007f3c980b1c10 Exception <a 'java/lang/OutOfMemoryError'{0x00000000e0004470}> (0x00000000e0004470) 
thrown [src/hotspot/share/gc/shared/memAllocator.cpp, line 136]

VM Operations (20 events):
Event: 1147.116 Executing VM operation: ParallelGCFailedAllocation
Event: 1149.063 Executing VM operation: ParallelGCFailedAllocation done
Event: 1149.063 Executing VM operation: ParallelGCFailedAllocation
Event: 1151.208 Executing VM operation: ParallelGCFailedAllocation done
Event: 1151.210 Executing VM operation: ParallelGCFailedAllocation
Event: 1153.256 Executing VM operation: ParallelGCFailedAllocation done
Event: 1153.260 Executing VM operation: ParallelGCFailedAllocation
Event: 1155.088 Executing VM operation: ParallelGCFailedAllocation done
Event: 1155.088 Executing VM operation: ParallelGCFailedAllocation
Event: 1157.190 Executing VM operation: ParallelGCFailedAllocation done
Event: 1157.191 Executing VM operation: ParallelGCFailedAllocation
Event: 1159.304 Executing VM operation: ParallelGCFailedAllocation done
Event: 1159.348 Executing VM operation: ParallelGCFailedAllocation
Event: 1161.304 Executing VM operation: ParallelGCFailedAllocation done
Event: 1161.304 Executing VM operation: ParallelGCFailedAllocation
Event: 1163.353 Executing VM operation: ParallelGCFailedAllocation done
Event: 1163.353 Executing VM operation: ParallelGCFailedAllocation
Event: 1167.191 Executing VM operation: ParallelGCFailedAllocation done
Event: 1167.191 Executing VM operation: ParallelGCFailedAllocation
Event: 1171.070 Executing VM operation: ParallelGCFailedAllocation done

Events (20 events):
Event: 83.066 Thread 0x00007f3c980b4570 flushing nmethod 0x00007f3c809f3b90
Event: 111.895 Thread 0x00007f3c00008d10 Thread exited: 0x00007f3c00008d10
Event: 125.560 Thread 0x00007f3c200076d0 Thread exited: 0x00007f3c200076d0
Event: 134.867 Thread 0x00007f3c10001130 Thread exited: 0x00007f3c10001130
Event: 134.868 Thread 0x00007f3c200010d0 Thread exited: 0x00007f3c200010d0
Event: 427.196 Thread 0x00007f3bfc41ebb0 Thread exited: 0x00007f3bfc41ebb0
Event: 427.200 Thread 0x00007f3c000051e0 Thread exited: 0x00007f3c000051e0
Event: 474.873 Thread 0x00007f3bfc41f350 Thread exited: 0x00007f3bfc41f350
Event: 1153.257 loading class java/util/concurrent/CompletionException
Event: 1153.257 loading class java/util/concurrent/CompletionException done
Event: 1153.257 loading class java/util/logging/LogRecord
Event: 1153.258 loading class java/util/logging/LogRecord done
Event: 1157.190 loading class java/util/logging/ConsoleHandler
Event: 1157.190 loading class java/util/logging/StreamHandler
Event: 1157.191 loading class java/util/logging/StreamHandler done
Event: 1157.191 loading class java/util/logging/ConsoleHandler done
Event: 1157.191 loading class java/util/logging/SimpleFormatter
Event: 1157.191 loading class java/util/logging/Formatter
Event: 1157.191 loading class java/util/logging/Formatter done
Event: 1157.191 loading class java/util/logging/SimpleFormatter done


Dynamic libraries:
e0000000-f3e80000 rw-p 00000000 00:00 0 
f3e80000-fac00000 rw-p 00000000 00:00 0 
fac00000-100000000 ---p 00000000 00:00 0 
800000000-800449000 rw-p 00001000 00:be6 4611686019135357769             /nix/store/gpxl5qgg8kicmcvivwmybwjlpf7wh20l-graalvm17-ce-22.3.0/lib/server/classes.jsa
800449000-800bc8000 r--p 0044a000 00:be6 4611686019135357769             /nix/store/gpxl5qgg8kicmcvivwmybwjlpf7wh20l-graalvm17-ce-22.3.0/lib/server/classes.jsa
800bc8000-800c00000 ---p 00000000 00:00 0 
800c00000-800c10000 rw-p 00000000 00:00 0 
800c10000-800c30000 rw-p 00000000 00:00 0 
800c30000-800cb0000 rw-p 00000000 00:00 0 
800cb0000-800cf0000 rw-p 00000000 00:00 0 
800cf0000-800db0000 rw-p 00000000 00:00 0 
800db0000-800df0000 rw-p 00000000 00:00 0 
800df0000-800f30000 rw-p 00000000 00:00 0 
800f30000-800fb0000 rw-p 00000000 00:00 0 
800fb0000-800ff0000 rw-p 00000000 00:00 0 
800ff0000-801240000 rw-p 00000000 00:00 0 
801240000-840c00000 ---p 00000000 00:00 0 
55e44e3f9000-55e44e3fa000 r-xp 00000000 00:be6 4611686019099417844       /nix/store/gpxl5qgg8kicmcvivwmybwjlpf7wh20l-graalvm17-ce-22.3.0/bin/.java-wrapped
55e44e3fb000-55e44e3fc000 r--p 00001000 00:be6 4611686019099417844       /nix/store/gpxl5qgg8kicmcvivwmybwjlpf7wh20l-graalvm17-ce-22.3.0/bin/.java-wrapped
55e44e3fc000-55e44e3fd000 rw-p 00002000 00:be6 4611686019099417844       /nix/store/gpxl5qgg8kicmcvivwmybwjlpf7wh20l-graalvm17-ce-22.3.0/bin/.java-wrapped
55e44e3fd000-55e44e3fe000 rw-p 00004000 00:be6 4611686019099417844       /nix/store/gpxl5qgg8kicmcvivwmybwjlpf7wh20l-graalvm17-ce-22.3.0/bin/.java-wrapped
55e44e3fe000-55e44e3ff000 rw-p 00005000 00:be6 4611686019099417844       /nix/store/gpxl5qgg8kicmcvivwmybwjlpf7wh20l-graalvm17-ce-22.3.0/bin/.java-wrapped
55e44f3c5000-55e44f40d000 rw-p 00000000 00:00 0                          [heap]
7f3bdc000000-7f3bdc021000 rw-p 00000000 00:00 0 
7f3bdc021000-7f3be0000000 ---p 00000000 00:00 0 
7f3be0000000-7f3be019e000 rw-p 00000000 00:00 0 
7f3be019e000-7f3be4000000 ---p 00000000 00:00 0 
7f3be4000000-7f3be4021000 rw-p 00000000 00:00 0 
7f3be4021000-7f3be8000000 ---p 00000000 00:00 0 
7f3be8000000-7f3be8021000 rw-p 00000000 00:00 0 
7f3be8021000-7f3bec000000 ---p 00000000 00:00 0 
7f3bec000000-7f3bec021000 rw-p 00000000 00:00 0 
7f3bec021000-7f3bf0000000 ---p 00000000 00:00 0 
7f3bf1800000-7f3bf1d90000 rw-p 00000000 00:00 0 
7f3bf1d90000-7f3bf2000000 ---p 00000000 00:00 0 
7f3bf24b3000-7f3bfc000000 r--s 00000000 00:be6 4611686019135192581       /nix/store/gpxl5qgg8kicmcvivwmybwjlpf7wh20l-graalvm17-ce-22.3.0/lib/modules
7f3bfc000000-7f3bfc4fe000 rw-p 00000000 00:00 0 
7f3bfc4fe000-7f3c00000000 ---p 00000000 00:00 0 
7f3c00000000-7f3c00021000 rw-p 00000000 00:00 0 
7f3c00021000-7f3c04000000 ---p 00000000 00:00 0 
7f3c04000000-7f3c0417a000 rw-p 00000000 00:00 0 
7f3c0417a000-7f3c08000000 ---p 00000000 00:00 0 
7f3c08000000-7f3c0803d000 rw-p 00000000 00:00 0 
7f3c0803d000-7f3c0c000000 ---p 00000000 00:00 0 
7f3c0c000000-7f3c0c021000 rw-p 00000000 00:00 0 
7f3c0c021000-7f3c10000000 ---p 00000000 00:00 0 
7f3c10000000-7f3c100f3000 rw-p 00000000 00:00 0 
7f3c100f3000-7f3c14000000 ---p 00000000 00:00 0 
7f3c14000000-7f3c1404c000 rw-p 00000000 00:00 0 
7f3c1404c000-7f3c18000000 ---p 00000000 00:00 0 
7f3c18000000-7f3c18061000 rw-p 00000000 00:00 0 
7f3c18061000-7f3c1c000000 ---p 00000000 00:00 0 
7f3c1c000000-7f3c1c021000 rw-p 00000000 00:00 0 
7f3c1c021000-7f3c20000000 ---p 00000000 00:00 0 
7f3c20000000-7f3c203a3000 rw-p 00000000 00:00 0 
7f3c203a3000-7f3c24000000 ---p 00000000 00:00 0 
7f3c24000000-7f3c24021000 rw-p 00000000 00:00 0 
7f3c24021000-7f3c28000000 ---p 00000000 00:00 0 
7f3c28000000-7f3c28021000 rw-p 00000000 00:00 0 
7f3c28021000-7f3c2c000000 ---p 00000000 00:00 0 
7f3c2c000000-7f3c2c025000 rw-p 00000000 00:00 0 
7f3c2c025000-7f3c30000000 ---p 00000000 00:00 0 
7f3c30000000-7f3c308be000 rw-p 00000000 00:00 0 
7f3c308be000-7f3c34000000 ---p 00000000 00:00 0 
7f3c34400000-7f3c346f0000 rw-p 00000000 00:00 0 
7f3c346f0000-7f3c347a0000 rw-p 00000000 00:00 0 
7f3c347a0000-7f3c34800000 ---p 00000000 00:00 0 
7f3c34800000-7f3c34c00000 rw-p 00000000 00:00 0 
7f3c35800000-7f3c35970000 rw-p 00000000 00:00 0 
7f3c35970000-7f3c359f0000 rw-p 00000000 00:00 0 
7f3c359f0000-7f3c35d70000 rw-p 00000000 00:00 0 
7f3c35d70000-7f3c35df0000 rw-p 00000000 00:00 0 
7f3c35df0000-7f3c35ff0000 rw-p 00000000 00:00 0 
7f3c35ff0000-7f3c36070000 rw-p 00000000 00:00 0 
7f3c36070000-7f3c360f0000 rw-p 00000000 00:00 0 
7f3c360f0000-7f3c362b0000 rw-p 00000000 00:00 0 
7f3c362b0000-7f3c362f0000 rw-p 00000000 00:00 0 
7f3c362f0000-7f3c364f0000 rw-p 00000000 00:00 0 
7f3c364f0000-7f3c365f0000 rw-p 00000000 00:00 0 
7f3c365f0000-7f3c367f0000 rw-p 00000000 00:00 0 
7f3c367f0000-7f3c368f0000 rw-p 00000000 00:00 0 
7f3c368f0000-7f3c369f0000 rw-p 00000000 00:00 0 
7f3c369f0000-7f3c36f90000 rw-p 00000000 00:00 0 
7f3c36f90000-7f3c36fb0000 rw-p 00000000 00:00 0 
7f3c36fb0000-7f3c36ff0000 rw-p 00000000 00:00 0 
7f3c36ff0000-7f3c370f0000 rw-p 00000000 00:00 0 
7f3c370f0000-7f3c371f0000 rw-p 00000000 00:00 0 
7f3c371f0000-7f3c374f0000 rw-p 00000000 00:00 0 
7f3c374f0000-7f3c375f0000 rw-p 00000000 00:00 0 
7f3c375f0000-7f3c37800000 rw-p 00000000 00:00 0 
7f3c37a00000-7f3c37a10000 r-xp 00000000 00:5c6 366                       /home/runner/.cache/jdt-language-server/config/org.eclipse.equinox.launcher/org.eclipse.equinox.launcher.gtk.linux.x86_64_1.2.400.v20211117-0650/eclipse_11600.so
7f3c37a10000-7f3c37c0f000 ---p 00010000 00:5c6 366                       /home/runner/.cache/jdt-language-server/config/org.eclipse.equinox.launcher/org.eclipse.equinox.launcher.gtk.linux.x86_64_1.2.400.v20211117-0650/eclipse_11600.so
7f3c37c0f000-7f3c37c10000 r--p 0000f000 00:5c6 366                       /home/runner/.cache/jdt-language-server/config/org.eclipse.equinox.launcher/org.eclipse.equinox.launcher.gtk.linux.x86_64_1.2.400.v20211117-0650/eclipse_11600.so
7f3c37c10000-7f3c37c11000 rw-p 00010000 00:5c6 366                       /home/runner/.cache/jdt-language-server/config/org.eclipse.equinox.launcher/org.eclipse.equinox.launcher.gtk.linux.x86_64_1.2.400.v20211117-0650/eclipse_11600.so
7f3c38000000-7f3c38021000 rw-p 00000000 00:00 0 
7f3c38021000-7f3c3c000000 ---p 00000000 00:00 0 
7f3c3c000000-7f3c3c021000 rw-p 00000000 00:00 0 
7f3c3c021000-7f3c40000000 ---p 00000000 00:00 0 
7f3c40000000-7f3c400ef000 rw-p 00000000 00:00 0 
7f3c400ef000-7f3c44000000 ---p 00000000 00:00 0 
7f3c44f00000-7f3c45000000 ---p 00000000 00:00 0 
7f3c45000000-7f3c455af000 r--p 01122000 00:be6 4611686019135190040       /nix/store/gpxl5qgg8kicmcvivwmybwjlpf7wh20l-graalvm17-ce-22.3.0/lib/libjvmcicompiler.so
7f3c455af000-7f3c45700000 r--p 00000000 00:00 0 
7f3c45700000-7f3c4573d000 rw-p 00000000 00:00 0 
7f3c4573d000-7f3c45c5d000 rw-p 0185f000 00:be6 4611686019135190040       /nix/store/gpxl5qgg8kicmcvivwmybwjlpf7wh20l-graalvm17-ce-22.3.0/lib/libjvmcicompiler.so
7f3c45c5d000-7f3c46044000 r--p 01d7f000 00:be6 4611686019135190040       /nix/store/gpxl5qgg8kicmcvivwmybwjlpf7wh20l-graalvm17-ce-22.3.0/lib/libjvmcicompiler.so
7f3c46100000-7f3c46104000 ---p 00000000 00:00 0 
7f3c46104000-7f3c46200000 rw-p 00000000 00:00 0 
7f3c46300000-7f3c46304000 ---p 00000000 00:00 0 
7f3c46304000-7f3c46400000 rw-p 00000000 00:00 0 
7f3c46400000-7f3c46404000 ---p 00000000 00:00 0 
7f3c46404000-7f3c46500000 rw-p 00000000 00:00 0 
7f3c46500000-7f3c46504000 ---p 00000000 00:00 0 
7f3c46504000-7f3c46600000 rw-p 00000000 00:00 0 
7f3c46700000-7f3c46704000 ---p 00000000 00:00 0 
7f3c46704000-7f3c46800000 rw-p 00000000 00:00 0 
7f3c46900000-7f3c46904000 ---p 00000000 00:00 0 
7f3c46904000-7f3c46a00000 rw-p 00000000 00:00 0 
7f3c46a00000-7f3c46a04000 ---p 00000000 00:00 0 
7f3c46a04000-7f3c46b00000 rw-p 00000000 00:00 0 
7f3c46b00000-7f3c46b04000 ---p 00000000 00:00 0 
7f3c46b04000-7f3c46c00000 rw-p 00000000 00:00 0 
7f3c46d00000-7f3c46d04000 ---p 00000000 00:00 0 
7f3c46d04000-7f3c46e00000 rw-p 00000000 00:00 0 
7f3c47ba9000-7f3c47f00000 rw-p 00000000 00:00 0 
7f3c48000000-7f3c48021000 rw-p 00000000 00:00 0 
7f3c48021000-7f3c4c000000 ---p 00000000 00:00 0 
7f3c4c000000-7f3c4c021000 rw-p 00000000 00:00 0 
7f3c4c021000-7f3c50000000 ---p 00000000 00:00 0 
7f3c50000000-7f3c50021000 rw-p 00000000 00:00 0 
7f3c50021000-7f3c54000000 ---p 00000000 00:00 0 
7f3c54000000-7f3c54021000 rw-p 00000000 00:00 0 
7f3c54021000-7f3c58000000 ---p 00000000 00:00 0 
7f3c58000000-7f3c580d8000 rw-p 00000000 00:00 0 
7f3c580d8000-7f3c5c000000 ---p 00000000 00:00 0 
7f3c5c000000-7f3c5cb07000 rw-p 00000000 00:00 0 
7f3c5cb07000-7f3c60000000 ---p 00000000 00:00 0 
7f3c60000000-7f3c60021000 rw-p 00000000 00:00 0 
7f3c60021000-7f3c64000000 ---p 00000000 00:00 0 
7f3c64000000-7f3c64021000 rw-p 00000000 00:00 0 
7f3c64021000-7f3c68000000 ---p 00000000 00:00 0 
7f3c68000000-7f3c68021000 rw-p 00000000 00:00 0 
7f3c68021000-7f3c6c000000 ---p 00000000 00:00 0 
7f3c6c000000-7f3c6c021000 rw-p 00000000 00:00 0 
7f3c6c021000-7f3c70000000 ---p 00000000 00:00 0 
7f3c70000000-7f3c70021000 rw-p 00000000 00:00 0 
7f3c70021000-7f3c74000000 ---p 00000000 00:00 0 
7f3c74000000-7f3c74021000 rw-p 00000000 00:00 0 
7f3c74021000-7f3c78000000 ---p 00000000 00:00 0 
7f3c78000000-7f3c7805c000 rw-p 00000000 00:00 0 
7f3c7805c000-7f3c7c000000 ---p 00000000 00:00 0 
7f3c7c100000-7f3c7c104000 ---p 00000000 00:00 0 
7f3c7c104000-7f3c7c200000 rw-p 00000000 00:00 0 
7f3c7c200000-7f3c7c204000 ---p 00000000 00:00 0 
7f3c7c204000-7f3c7c300000 rw-p 00000000 00:00 0 
7f3c7c300000-7f3c7c304000 ---p 00000000 00:00 0 
7f3c7c304000-7f3c7c400000 rw-p 00000000 00:00 0 
7f3c7c500000-7f3c7c504000 ---p 00000000 00:00 0 
7f3c7c504000-7f3c7c600000 rw-p 00000000 00:00 0 
7f3c7c700000-7f3c7c704000 ---p 00000000 00:00 0 
7f3c7c704000-7f3c7c800000 rw-p 00000000 00:00 0 
7f3c7c800000-7f3c7c804000 ---p 00000000 00:00 0 
7f3c7c804000-7f3c7c900000 rw-p 00000000 00:00 0 
7f3c7c900000-7f3c7c904000 ---p 00000000 00:00 0 
7f3c7c904000-7f3c7ca00000 rw-p 00000000 00:00 0 
7f3c7ca00000-7f3c7ca04000 ---p 00000000 00:00 0 
7f3c7ca04000-7f3c7cb00000 rw-p 00000000 00:00 0 
7f3c7cb00000-7f3c7cb04000 ---p 00000000 00:00 0 
7f3c7cb04000-7f3c7cc00000 rw-p 00000000 00:00 0 
7f3c7cd00000-7f3c7cd04000 ---p 00000000 00:00 0 
7f3c7cd04000-7f3c7ce00000 rw-p 00000000 00:00 0 
7f3c7cf00000-7f3c7cf04000 ---p 00000000 00:00 0 
7f3c7cf04000-7f3c7d000000 rw-p 00000000 00:00 0 
7f3c7d000000-7f3c7f16a000 r-xp 00000000 00:be6 4611686019135190040       /nix/store/gpxl5qgg8kicmcvivwmybwjlpf7wh20l-graalvm17-ce-22.3.0/lib/libjvmcicompiler.so
7f3c7f16a000-7f3c7f369000 ---p 0216a000 00:be6 4611686019135190040       /nix/store/gpxl5qgg8kicmcvivwmybwjlpf7wh20l-graalvm17-ce-22.3.0/lib/libjvmcicompiler.so
7f3c7f369000-7f3c7f36a000 r--p 02169000 00:be6 4611686019135190040       /nix/store/gpxl5qgg8kicmcvivwmybwjlpf7wh20l-graalvm17-ce-22.3.0/lib/libjvmcicompiler.so
7f3c7f36a000-7f3c7f36c000 rw-p 0216a000 00:be6 4611686019135190040       /nix/store/gpxl5qgg8kicmcvivwmybwjlpf7wh20l-graalvm17-ce-22.3.0/lib/libjvmcicompiler.so
7f3c7f36c000-7f3c7f36d000 rw-p 00000000 00:00 0 
7f3c7f36d000-7f3c7f372000 rw-p 023c3000 00:be6 4611686019135190040       /nix/store/gpxl5qgg8kicmcvivwmybwjlpf7wh20l-graalvm17-ce-22.3.0/lib/libjvmcicompiler.so
7f3c7f3b3000-7f3c7f3b7000 ---p 00000000 00:00 0 
7f3c7f3b7000-7f3c7f4b3000 rw-p 00000000 00:00 0 
7f3c7f4b3000-7f3c7f723000 rwxp 00000000 00:00 0 
7f3c7f723000-7f3c7fa42000 ---p 00000000 00:00 0 
7f3c7fa42000-7f3c80a12000 rwxp 00000000 00:00 0 
7f3c80a12000-7f3c86f7a000 ---p 00000000 00:00 0 
7f3c86f7a000-7f3c8722a000 rwxp 00000000 00:00 0 
7f3c8722a000-7f3c8e4b3000 ---p 00000000 00:00 0 
7f3c8e4b3000-7f3c98000000 r--s 00000000 00:be6 4611686019135192581       /nix/store/gpxl5qgg8kicmcvivwmybwjlpf7wh20l-graalvm17-ce-22.3.0/lib/modules
7f3c98000000-7f3c98611000 rw-p 00000000 00:00 0 
7f3c98611000-7f3c9c000000 ---p 00000000 00:00 0 
7f3c9c100000-7f3c9c104000 ---p 00000000 00:00 0 
7f3c9c104000-7f3c9c200000 rw-p 00000000 00:00 0 
7f3c9c295000-7f3c9c3d6000 rw-p 00000000 00:00 0 
7f3c9c3d6000-7f3c9c3d8000 r-xp 00000000 00:be6 4611686019135190017       /nix/store/gpxl5qgg8kicmcvivwmybwjlpf7wh20l-graalvm17-ce-22.3.0/lib/libextnet.so
7f3c9c3d8000-7f3c9c3d9000 r--p 00001000 00:be6 4611686019135190017       /nix/store/gpxl5qgg8kicmcvivwmybwjlpf7wh20l-graalvm17-ce-22.3.0/lib/libextnet.so
7f3c9c3d9000-7f3c9c3da000 rw-p 00002000 00:be6 4611686019135190017       /nix/store/gpxl5qgg8kicmcvivwmybwjlpf7wh20l-graalvm17-ce-22.3.0/lib/libextnet.so
7f3c9c3da000-7f3c9c3db000 rw-p 00004000 00:be6 4611686019135190017       /nix/store/gpxl5qgg8kicmcvivwmybwjlpf7wh20l-graalvm17-ce-22.3.0/lib/libextnet.so
7f3c9c3db000-7f3c9c3df000 ---p 00000000 00:00 0 
7f3c9c3df000-7f3c9c3fd000 rw-p 00000000 00:00 0 
7f3c9c3fd000-7f3c9c412000 r-xp 00000000 00:be6 4611686019135192570       /nix/store/gpxl5qgg8kicmcvivwmybwjlpf7wh20l-graalvm17-ce-22.3.0/lib/libnet.so
7f3c9c412000-7f3c9c413000 ---p 00015000 00:be6 4611686019135192570       /nix/store/gpxl5qgg8kicmcvivwmybwjlpf7wh20l-graalvm17-ce-22.3.0/lib/libnet.so
7f3c9c413000-7f3c9c414000 r--p 00015000 00:be6 4611686019135192570       /nix/store/gpxl5qgg8kicmcvivwmybwjlpf7wh20l-graalvm17-ce-22.3.0/lib/libnet.so
7f3c9c414000-7f3c9c415000 rw-p 00016000 00:be6 4611686019135192570       /nix/store/gpxl5qgg8kicmcvivwmybwjlpf7wh20l-graalvm17-ce-22.3.0/lib/libnet.so
7f3c9c415000-7f3c9c418000 rw-p 0001b000 00:be6 4611686019135192570       /nix/store/gpxl5qgg8kicmcvivwmybwjlpf7wh20l-graalvm17-ce-22.3.0/lib/libnet.so
7f3c9c418000-7f3c9c419000 ---p 00000000 00:00 0 
7f3c9c419000-7f3c9c51a000 rw-p 00000000 00:00 0 
7f3c9c51a000-7f3c9c51e000 ---p 00000000 00:00 0 
7f3c9c51e000-7f3c9c61a000 rw-p 00000000 00:00 0 
7f3c9c61a000-7f3c9c61e000 ---p 00000000 00:00 0 
7f3c9c61e000-7f3c9c71a000 rw-p 00000000 00:00 0 
7f3c9c71a000-7f3c9c71e000 ---p 00000000 00:00 0 
7f3c9c71e000-7f3c9c81a000 rw-p 00000000 00:00 0 
7f3c9c81a000-7f3c9c81e000 ---p 00000000 00:00 0 
7f3c9c81e000-7f3c9ca1a000 rw-p 00000000 00:00 0 
7f3c9ca1a000-7f3c9ca1e000 ---p 00000000 00:00 0 
7f3c9ca1e000-7f3c9cc1a000 rw-p 00000000 00:00 0 
7f3c9cc1a000-7f3c9cc1e000 ---p 00000000 00:00 0 
7f3c9cc1e000-7f3c9cd1a000 rw-p 00000000 00:00 0 
7f3c9cd1a000-7f3c9cd1e000 ---p 00000000 00:00 0 
7f3c9cd1e000-7f3c9ce1a000 rw-p 00000000 00:00 0 
7f3c9ce1a000-7f3c9ce1e000 ---p 00000000 00:00 0 
7f3c9ce1e000-7f3c9cf1a000 rw-p 00000000 00:00 0 
7f3c9cf1a000-7f3c9d200000 r--p 00000000 00:1b0 28444448                  /usr/lib/locale/locale-archive
7f3c9d200000-7f3c9d204000 ---p 00000000 00:00 0 
7f3c9d204000-7f3c9d300000 rw-p 00000000 00:00 0 
7f3c9d300000-7f3c9d304000 ---p 00000000 00:00 0 
7f3c9d304000-7f3c9d7f0000 rw-p 00000000 00:00 0 
7f3c9d7f0000-7f3c9daf0000 rw-p 00000000 00:00 0 
7f3c9daf0000-7f3c9dc00000 rw-p 00000000 00:00 0 
7f3c9dc04000-7f3c9dc0b000 r-xp 00000000 00:be6 4611686019135192580       /nix/store/gpxl5qgg8kicmcvivwmybwjlpf7wh20l-graalvm17-ce-22.3.0/lib/libzip.so
7f3c9dc0b000-7f3c9dc0c000 ---p 00007000 00:be6 4611686019135192580       /nix/store/gpxl5qgg8kicmcvivwmybwjlpf7wh20l-graalvm17-ce-22.3.0/lib/libzip.so
7f3c9dc0c000-7f3c9dc0d000 r--p 00007000 00:be6 4611686019135192580       /nix/store/gpxl5qgg8kicmcvivwmybwjlpf7wh20l-graalvm17-ce-22.3.0/lib/libzip.so
7f3c9dc0d000-7f3c9dc0e000 rw-p 00008000 00:be6 4611686019135192580       /nix/store/gpxl5qgg8kicmcvivwmybwjlpf7wh20l-graalvm17-ce-22.3.0/lib/libzip.so
7f3c9dc0e000-7f3c9dc10000 rw-p 0000b000 00:be6 4611686019135192580       /nix/store/gpxl5qgg8kicmcvivwmybwjlpf7wh20l-graalvm17-ce-22.3.0/lib/libzip.so
7f3c9dc10000-7f3c9dc23000 r-xp 00000000 00:be6 4611686019135192571       /nix/store/gpxl5qgg8kicmcvivwmybwjlpf7wh20l-graalvm17-ce-22.3.0/lib/libnio.so
7f3c9dc23000-7f3c9dc24000 r--p 00012000 00:be6 4611686019135192571       /nix/store/gpxl5qgg8kicmcvivwmybwjlpf7wh20l-graalvm17-ce-22.3.0/lib/libnio.so
7f3c9dc24000-7f3c9dc25000 rw-p 00013000 00:be6 4611686019135192571       /nix/store/gpxl5qgg8kicmcvivwmybwjlpf7wh20l-graalvm17-ce-22.3.0/lib/libnio.so
7f3c9dc25000-7f3c9dc2a000 rw-p 00019000 00:be6 4611686019135192571       /nix/store/gpxl5qgg8kicmcvivwmybwjlpf7wh20l-graalvm17-ce-22.3.0/lib/libnio.so
7f3c9dc2a000-7f3c9dc2b000 ---p 00000000 00:00 0 
7f3c9dc2b000-7f3c9dd2c000 rw-p 00000000 00:00 0 
7f3c9dd2c000-7f3c9ddfa000 r-xp 00000000 00:be6 4611686019135190036       /nix/store/gpxl5qgg8kicmcvivwmybwjlpf7wh20l-graalvm17-ce-22.3.0/lib/libjsvml.so
7f3c9ddfa000-7f3c9ddfb000 r--p 000cd000 00:be6 4611686019135190036       /nix/store/gpxl5qgg8kicmcvivwmybwjlpf7wh20l-graalvm17-ce-22.3.0/lib/libjsvml.so
7f3c9ddfb000-7f3c9ddfc000 rw-p 000ce000 00:be6 4611686019135190036       /nix/store/gpxl5qgg8kicmcvivwmybwjlpf7wh20l-graalvm17-ce-22.3.0/lib/libjsvml.so
7f3c9ddfc000-7f3c9f6d4000 rw-p 00000000 00:00 0 
7f3c9f6d4000-7f3c9f6d5000 ---p 00000000 00:00 0 
7f3c9f6d5000-7f3c9f876000 rw-p 00000000 00:00 0 
7f3c9f876000-7f3c9f8ac000 rw-p 00000000 00:00 0 
7f3c9f8ac000-7f3c9f8d6000 ---p 00000000 00:00 0 
7f3c9f8d6000-7f3c9f8dd000 rw-p 00000000 00:00 0 
7f3c9f8dd000-7f3c9f9c2000 ---p 00000000 00:00 0 
7f3c9f9c2000-7f3c9f9e2000 rw-p 00000000 00:00 0 
7f3c9f9e2000-7f3c9faad000 ---p 00000000 00:00 0 
7f3c9faad000-7f3c9fab2000 rw-p 00000000 00:00 0 
7f3c9fab2000-7f3c9fab9000 ---p 00000000 00:00 0 
7f3c9fab9000-7f3c9fadd000 r-xp 00000000 00:be6 4611686019135190028       /nix/store/gpxl5qgg8kicmcvivwmybwjlpf7wh20l-graalvm17-ce-22.3.0/lib/libjava.so
7f3c9fadd000-7f3c9fade000 ---p 00024000 00:be6 4611686019135190028       /nix/store/gpxl5qgg8kicmcvivwmybwjlpf7wh20l-graalvm17-ce-22.3.0/lib/libjava.so
7f3c9fade000-7f3c9fadf000 r--p 00024000 00:be6 4611686019135190028       /nix/store/gpxl5qgg8kicmcvivwmybwjlpf7wh20l-graalvm17-ce-22.3.0/lib/libjava.so
7f3c9fadf000-7f3c9fae0000 rw-p 00025000 00:be6 4611686019135190028       /nix/store/gpxl5qgg8kicmcvivwmybwjlpf7wh20l-graalvm17-ce-22.3.0/lib/libjava.so
7f3c9fae0000-7f3c9fae1000 rw-p 00000000 00:00 0 
7f3c9fae1000-7f3c9fae8000 rw-p 0002f000 00:be6 4611686019135190028       /nix/store/gpxl5qgg8kicmcvivwmybwjlpf7wh20l-graalvm17-ce-22.3.0/lib/libjava.so
7f3c9fae8000-7f3c9faf0000 rw-s 00000000 00:b0 361                        /tmp/hsperfdata_runner/30
7f3c9faf0000-7f3c9faf1000 ---p 00000000 00:00 0 
7f3c9faf1000-7f3c9faf2000 r--p 00000000 00:00 0 
7f3c9faf2000-7f3c9faf3000 rwxp 00000000 00:00 0 
7f3c9faf3000-7f3c9fb0e000 r-xp 00000000 00:be6 4611686019135190032       /nix/store/gpxl5qgg8kicmcvivwmybwjlpf7wh20l-graalvm17-ce-22.3.0/lib/libjimage.so
7f3c9fb0e000-7f3c9fb0f000 ---p 0001b000 00:be6 4611686019135190032       /nix/store/gpxl5qgg8kicmcvivwmybwjlpf7wh20l-graalvm17-ce-22.3.0/lib/libjimage.so
7f3c9fb0f000-7f3c9fb11000 r--p 0001b000 00:be6 4611686019135190032       /nix/store/gpxl5qgg8kicmcvivwmybwjlpf7wh20l-graalvm17-ce-22.3.0/lib/libjimage.so
7f3c9fb11000-7f3c9fb12000 rw-p 0001d000 00:be6 4611686019135190032       /nix/store/gpxl5qgg8kicmcvivwmybwjlpf7wh20l-graalvm17-ce-22.3.0/lib/libjimage.so
7f3c9fb12000-7f3c9fb13000 rw-p 00024000 00:be6 4611686019135190032       /nix/store/gpxl5qgg8kicmcvivwmybwjlpf7wh20l-graalvm17-ce-22.3.0/lib/libjimage.so
7f3c9fb13000-7f3c9fb17000 ---p 00000000 00:00 0 
7f3c9fb17000-7f3c9fc13000 rw-p 00000000 00:00 0 
7f3c9fc13000-7f3c9fc21000 r--p 00000000 00:be6 4611686019027979927       /nix/store/4nlgxhb09sdr51nc9hdm8az5b08vzkgx-glibc-2.35-163/lib/libm.so.6
7f3c9fc21000-7f3c9fc94000 r-xp 0000e000 00:be6 4611686019027979927       /nix/store/4nlgxhb09sdr51nc9hdm8az5b08vzkgx-glibc-2.35-163/lib/libm.so.6
7f3c9fc94000-7f3c9fcf1000 r--p 00081000 00:be6 4611686019027979927       /nix/store/4nlgxhb09sdr51nc9hdm8az5b08vzkgx-glibc-2.35-163/lib/libm.so.6
7f3c9fcf1000-7f3c9fcf2000 r--p 000dd000 00:be6 4611686019027979927       /nix/store/4nlgxhb09sdr51nc9hdm8az5b08vzkgx-glibc-2.35-163/lib/libm.so.6
7f3c9fcf2000-7f3c9fcf3000 rw-p 000de000 00:be6 4611686019027979927       /nix/store/4nlgxhb09sdr51nc9hdm8az5b08vzkgx-glibc-2.35-163/lib/libm.so.6
7f3c9fcf3000-7f3c9fcf4000 r--p 00000000 00:be6 4611686019027979946       /nix/store/4nlgxhb09sdr51nc9hdm8az5b08vzkgx-glibc-2.35-163/lib/librt.so.1
7f3c9fcf4000-7f3c9fcf5000 r-xp 00001000 00:be6 4611686019027979946       /nix/store/4nlgxhb09sdr51nc9hdm8az5b08vzkgx-glibc-2.35-163/lib/librt.so.1
7f3c9fcf5000-7f3c9fcf6000 r--p 00002000 00:be6 4611686019027979946       /nix/store/4nlgxhb09sdr51nc9hdm8az5b08vzkgx-glibc-2.35-163/lib/librt.so.1
7f3c9fcf6000-7f3c9fcf7000 r--p 00002000 00:be6 4611686019027979946       /nix/store/4nlgxhb09sdr51nc9hdm8az5b08vzkgx-glibc-2.35-163/lib/librt.so.1
7f3c9fcf7000-7f3c9fcf8000 rw-p 00003000 00:be6 4611686019027979946       /nix/store/4nlgxhb09sdr51nc9hdm8az5b08vzkgx-glibc-2.35-163/lib/librt.so.1
7f3c9fcf8000-7f3ca0e0b000 r-xp 00000000 00:be6 4611686019135360866       /nix/store/gpxl5qgg8kicmcvivwmybwjlpf7wh20l-graalvm17-ce-22.3.0/lib/server/libjvm.so
7f3ca0e0b000-7f3ca0e0c000 ---p 01113000 00:be6 4611686019135360866       /nix/store/gpxl5qgg8kicmcvivwmybwjlpf7wh20l-graalvm17-ce-22.3.0/lib/server/libjvm.so
7f3ca0e0c000-7f3ca0ec1000 r--p 01113000 00:be6 4611686019135360866       /nix/store/gpxl5qgg8kicmcvivwmybwjlpf7wh20l-graalvm17-ce-22.3.0/lib/server/libjvm.so
7f3ca0ec1000-7f3ca0ef5000 rw-p 011c8000 00:be6 4611686019135360866       /nix/store/gpxl5qgg8kicmcvivwmybwjlpf7wh20l-graalvm17-ce-22.3.0/lib/server/libjvm.so
7f3ca0ef5000-7f3ca0f51000 rw-p 00000000 00:00 0 
7f3ca0f51000-7f3ca0f79000 r--p 00000000 00:be6 4611686019027979918       /nix/store/4nlgxhb09sdr51nc9hdm8az5b08vzkgx-glibc-2.35-163/lib/libc.so.6
7f3ca0f79000-7f3ca10ef000 r-xp 00028000 00:be6 4611686019027979918       /nix/store/4nlgxhb09sdr51nc9hdm8az5b08vzkgx-glibc-2.35-163/lib/libc.so.6
7f3ca10ef000-7f3ca1147000 r--p 0019e000 00:be6 4611686019027979918       /nix/store/4nlgxhb09sdr51nc9hdm8az5b08vzkgx-glibc-2.35-163/lib/libc.so.6
7f3ca1147000-7f3ca114b000 r--p 001f6000 00:be6 4611686019027979918       /nix/store/4nlgxhb09sdr51nc9hdm8az5b08vzkgx-glibc-2.35-163/lib/libc.so.6
7f3ca114b000-7f3ca114d000 rw-p 001fa000 00:be6 4611686019027979918       /nix/store/4nlgxhb09sdr51nc9hdm8az5b08vzkgx-glibc-2.35-163/lib/libc.so.6
7f3ca114d000-7f3ca115c000 rw-p 00000000 00:00 0 
7f3ca115c000-7f3ca115d000 r--p 00000000 00:be6 4611686019027979923       /nix/store/4nlgxhb09sdr51nc9hdm8az5b08vzkgx-glibc-2.35-163/lib/libdl.so.2
7f3ca115d000-7f3ca115e000 r-xp 00001000 00:be6 4611686019027979923       /nix/store/4nlgxhb09sdr51nc9hdm8az5b08vzkgx-glibc-2.35-163/lib/libdl.so.2
7f3ca115e000-7f3ca115f000 r--p 00002000 00:be6 4611686019027979923       /nix/store/4nlgxhb09sdr51nc9hdm8az5b08vzkgx-glibc-2.35-163/lib/libdl.so.2
7f3ca115f000-7f3ca1160000 r--p 00002000 00:be6 4611686019027979923       /nix/store/4nlgxhb09sdr51nc9hdm8az5b08vzkgx-glibc-2.35-163/lib/libdl.so.2
7f3ca1160000-7f3ca1161000 rw-p 00003000 00:be6 4611686019027979923       /nix/store/4nlgxhb09sdr51nc9hdm8az5b08vzkgx-glibc-2.35-163/lib/libdl.so.2
7f3ca1161000-7f3ca1162000 r--p 00000000 00:be6 4611686019027979942       /nix/store/4nlgxhb09sdr51nc9hdm8az5b08vzkgx-glibc-2.35-163/lib/libpthread.so.0
7f3ca1162000-7f3ca1163000 r-xp 00001000 00:be6 4611686019027979942       /nix/store/4nlgxhb09sdr51nc9hdm8az5b08vzkgx-glibc-2.35-163/lib/libpthread.so.0
7f3ca1163000-7f3ca1164000 r--p 00002000 00:be6 4611686019027979942       /nix/store/4nlgxhb09sdr51nc9hdm8az5b08vzkgx-glibc-2.35-163/lib/libpthread.so.0
7f3ca1164000-7f3ca1165000 r--p 00002000 00:be6 4611686019027979942       /nix/store/4nlgxhb09sdr51nc9hdm8az5b08vzkgx-glibc-2.35-163/lib/libpthread.so.0
7f3ca1165000-7f3ca1166000 rw-p 00003000 00:be6 4611686019027979942       /nix/store/4nlgxhb09sdr51nc9hdm8az5b08vzkgx-glibc-2.35-163/lib/libpthread.so.0
7f3ca1166000-7f3ca1174000 r-xp 00000000 00:be6 4611686019135190033       /nix/store/gpxl5qgg8kicmcvivwmybwjlpf7wh20l-graalvm17-ce-22.3.0/lib/libjli.so
7f3ca1174000-7f3ca1175000 ---p 0000e000 00:be6 4611686019135190033       /nix/store/gpxl5qgg8kicmcvivwmybwjlpf7wh20l-graalvm17-ce-22.3.0/lib/libjli.so
7f3ca1175000-7f3ca1176000 r--p 0000e000 00:be6 4611686019135190033       /nix/store/gpxl5qgg8kicmcvivwmybwjlpf7wh20l-graalvm17-ce-22.3.0/lib/libjli.so
7f3ca1176000-7f3ca1177000 rw-p 0000f000 00:be6 4611686019135190033       /nix/store/gpxl5qgg8kicmcvivwmybwjlpf7wh20l-graalvm17-ce-22.3.0/lib/libjli.so
7f3ca1177000-7f3ca1178000 rw-p 00012000 00:be6 4611686019135190033       /nix/store/gpxl5qgg8kicmcvivwmybwjlpf7wh20l-graalvm17-ce-22.3.0/lib/libjli.so
7f3ca1178000-7f3ca117b000 r--p 00000000 00:be6 4611686019106210071       /nix/store/026hln0aq1hyshaxsdvhg0kmcm6yf45r-zlib-1.2.13/lib/libz.so.1.2.13
7f3ca117b000-7f3ca118d000 r-xp 00003000 00:be6 4611686019106210071       /nix/store/026hln0aq1hyshaxsdvhg0kmcm6yf45r-zlib-1.2.13/lib/libz.so.1.2.13
7f3ca118d000-7f3ca1194000 r--p 00015000 00:be6 4611686019106210071       /nix/store/026hln0aq1hyshaxsdvhg0kmcm6yf45r-zlib-1.2.13/lib/libz.so.1.2.13
7f3ca1194000-7f3ca1195000 r--p 0001b000 00:be6 4611686019106210071       /nix/store/026hln0aq1hyshaxsdvhg0kmcm6yf45r-zlib-1.2.13/lib/libz.so.1.2.13
7f3ca1195000-7f3ca1196000 rw-p 0001c000 00:be6 4611686019106210071       /nix/store/026hln0aq1hyshaxsdvhg0kmcm6yf45r-zlib-1.2.13/lib/libz.so.1.2.13
7f3ca1196000-7f3ca1198000 rw-p 00000000 00:00 0 
7f3ca1198000-7f3ca119a000 r--p 00000000 00:be6 4611686019027979912       /nix/store/4nlgxhb09sdr51nc9hdm8az5b08vzkgx-glibc-2.35-163/lib/ld-linux-x86-64.so.2
7f3ca119a000-7f3ca11c1000 r-xp 00002000 00:be6 4611686019027979912       /nix/store/4nlgxhb09sdr51nc9hdm8az5b08vzkgx-glibc-2.35-163/lib/ld-linux-x86-64.so.2
7f3ca11c1000-7f3ca11cd000 r--p 00029000 00:be6 4611686019027979912       /nix/store/4nlgxhb09sdr51nc9hdm8az5b08vzkgx-glibc-2.35-163/lib/ld-linux-x86-64.so.2
7f3ca11cd000-7f3ca11cf000 r--p 00034000 00:be6 4611686019027979912       /nix/store/4nlgxhb09sdr51nc9hdm8az5b08vzkgx-glibc-2.35-163/lib/ld-linux-x86-64.so.2
7f3ca11cf000-7f3ca11d1000 rw-p 00036000 00:be6 4611686019027979912       /nix/store/4nlgxhb09sdr51nc9hdm8az5b08vzkgx-glibc-2.35-163/lib/ld-linux-x86-64.so.2
7fff145a2000-7fff145c6000 rw-p 00000000 00:00 0                          [stack]
7fff145f6000-7fff145fa000 r--p 00000000 00:00 0                          [vvar]
7fff145fa000-7fff145fc000 r-xp 00000000 00:00 0                          [vdso]
ffffffffff600000-ffffffffff601000 --xp 00000000 00:00 0                  [vsyscall]


VM Arguments:
jvm_args: -XX:ThreadPriorityPolicy=1 -XX:+UnlockExperimentalVMOptions -XX:+EnableJVMCIProduct -XX:JVMCIThreadsPerNativeLibraryRuntime=1 -XX:-UnlockExperimentalVMOptions -Declipse.application=org.eclipse.jdt.ls.core.id1 -Dosgi.bundles.defaultStartLevel=4 -Declipse.product=org.eclipse.jdt.ls.core.product -Dlog.level=ALL -Xverify:none -XX:+UseParallelGC -XX:GCTimeRatio=4 -XX:AdaptiveSizePolicyWeight=90 -Dsun.zip.disableMemoryMapping=true -Xmx512m -Xms100m 
java_command: /nix/store/a7s9klvriqi68xz3qjc0qyfl5h86xc16-jdt-language-server-1.9.0/share/java/plugins/org.eclipse.equinox.launcher_1.6.400.v20210924-0641.jar --add-modules=ALL-SYSTEM --add-opens java.base/java.util=ALL-UNNAMED --add-opens java.base/java.lang=ALL-UNNAMED -configuration /home/runner/.cache/jdt-language-server/config -data /home/runner/.cache/jdt-language-server/data/home/runner/Java-Lab4-1
java_class_path (initial): /nix/store/a7s9klvriqi68xz3qjc0qyfl5h86xc16-jdt-language-server-1.9.0/share/java/plugins/org.eclipse.equinox.launcher_1.6.400.v20210924-0641.jar
Launcher Type: SUN_STANDARD

[Global flags]
    uintx AdaptiveSizePolicyWeight                 = 90                                        {product} {command line}
     intx CICompilerCount                          = 2                                         {product} {ergonomic}
     bool EnableJVMCIProduct                       = true                                {JVMCI product} {jimage}
    uintx GCTimeRatio                              = 4                                         {product} {command line}
   size_t InitialHeapSize                          = 104857600                                 {product} {command line}
     uint JVMCIThreadsPerNativeLibraryRuntime      = 1                                   {JVMCI product} {jimage}
   size_t MaxHeapSize                              = 536870912                                 {product} {command line}
   size_t MaxNewSize                               = 178782208                                 {product} {ergonomic}
   size_t MinHeapDeltaBytes                        = 524288                                    {product} {ergonomic}
   size_t MinHeapSize                              = 104857600                                 {product} {command line}
   size_t NewSize                                  = 34603008                                  {product} {ergonomic}
    uintx NonNMethodCodeHeapSize                   = 5826188                                {pd product} {ergonomic}
    uintx NonProfiledCodeHeapSize                  = 122916026                              {pd product} {ergonomic}
   size_t OldSize                                  = 70254592                                  {product} {ergonomic}
    uintx ProfiledCodeHeapSize                     = 122916026                              {pd product} {ergonomic}
    uintx ReservedCodeCacheSize                    = 251658240                              {pd product} {ergonomic}
     bool SegmentedCodeCache                       = true                                      {product} {ergonomic}
   size_t SoftMaxHeapSize                          = 536870912                              {manageable} {ergonomic}
     intx ThreadPriorityPolicy                     = 1                                         {product} {jimage}
     bool UseCompressedClassPointers               = true                           {product lp64_product} {ergonomic}
     bool UseCompressedOops                        = true                           {product lp64_product} {ergonomic}
     bool UseParallelGC                            = true                                      {product} {command line}

Logging:
Log output configuration:
 #0: stdout all=warning uptime,level,tags
 #1: stderr all=off uptime,level,tags

Environment Variables:
JAVA_HOME=/nix/store/gpxl5qgg8kicmcvivwmybwjlpf7wh20l-graalvm17-ce-22.3.0
PATH=/nix/store/1d6ian3r8kdzspw8hacjhl3xkp40g1lj-binutils-wrapper-2.39/bin:/nix/store/dq0xwmsk1g0i2ayg6pb7y87na2knzylh-gcc-wrapper-11.3.0/bin:/nix/store/bap4d0lpcrhpwmpb8ayjcgkmvfj62lnq-bash-interactive-5.1-p16/bin:/nix/store/pr5n59mb4jzmfx6kanwxly0l07p861fg-patchelf-0.15.0/bin:/nix/store/1gf2flfqnpqbr1b4p4qz2f72y42bs56r-gcc-11.3.0/bin:/nix/store/57xv61c5zi8pphjbcwxxjlgc34p61ic9-glibc-2.35-163-bin/bin:/nix/store/a7gvj343m05j2s32xcnwr35v31ynlypr-coreutils-9.1/bin:/nix/store/039g378vc3pc3dvi9dzdlrd0i4q93qwf-binutils-2.39/bin:/nix/store/gpxl5qgg8kicmcvivwmybwjlpf7wh20l-graalvm17-ce-22.3.0/bin:/nix/store/6z9ag3ihc8mq2hzsw48lhbznvzny65nz-apache-maven-3.8.6/bin:/nix/store/a7s9klvriqi68xz3qjc0qyfl5h86xc16-jdt-language-server-1.9.0/bin:/nix/store/48ifl2w60a3zp7yskbpnvn8jp9jdsb7k-java-debug/bin:/nix/store/mydc6f4k2z73xlcz7ilif3v2lcaiqvza-findutils-4.9.0/bin:/nix/store/j9p3g8472iijd50vhdprx0nmk2fqn5gv-diffutils-3.8/bin:/nix/store/89zs7rms6x00xfq4dq6m7mjnhkr8a6r4-gnused-4.8/bin:/nix/store/86bp03jkmsl6f92w0yzg4s59g5mhxwmy-gnugrep-3.7/bin:/nix/store/hwcdqw4jrjnd37wxqgsd47hd0j8bnj09-gawk-5.1.1/bin:/nix/store/cfbhw8r8ags41vwqaz47r583d0p4h4a1-gnutar-1.34/bin:/nix/store/p3m1ndl1lapwrlh698bnb5lvvxh67378-gzip-1.12/bin:/nix/store/a8mhcagrsly7c7mpjrpsnaahk4aax056-bzip2-1.0.8-bin/bin:/nix/store/mblgz65m3zv9x548a3d5m96fj2pbwr09-gnumake-4.3/bin:/nix/store/dsd5gz46hdbdk2rfdimqddhq6m8m8fqs-bash-5.1-p16/bin:/nix/store/v7ljksji50mg3w61dykaa3n3y79n6nil-patch-2.7.6/bin:/nix/store/zlcnmqq14jz5x9439jf937mvayyl63da-xz-5.2.7-bin/bin:/nix/store/y6aj732zm9m87c82fpvf103a1xb22blp-file-5.43/bin:/nix/store/i4kzir3m7mrisxmf5xvlnkw01x4qaqr4-prybar-elisp-0.0.0-e0d9a52/bin:/nix/store/lwwivxf6h7x3cvxp9zv8sj0mv7dak99r-prybar-lua-0.0.0-e0d9a52/bin:/nix/store/gxj28g1cg4hq3qanmjv07156h800qr58-prybar-python3-0.0.0-e0d9a52/bin:/nix/store/hshkjnxrgidigf8x75vg6lqng2xlx9i3-prybar-sqlite-0.0.0-e0d9a52/bin:/nix/store/c4w01bpjgyy5ixmwdk8m1pw87zq4sl26-prybar-tcl-0.0.0-e0d9a52/bin:/nix/store/hpbvrlwd5viqmvcaisb3x0118i913a9n-st
LD_LIBRARY_PATH=/nix/store/a4pff549sk2idnkpzk5nsfps3mdkdnvm-cups-2.4.2-lib/lib:/nix/store/72mqxxhh3cy5yifh92wh2yb8cl2hikyy-cairo-1.16.0/lib:/nix/store/2k366jrbsra97gjfxwvrhvixjfxdach5-glib-2.74.1/lib:/nix/store/2j2znigd8ak37rlwh9khz0ry3clqlw1l-gtk+3-3.24.34/lib:/nix/store/hisqvx32cd57apbpcsnkpx6k3549wql1-libglvnd-1.4.0/lib:/nix/store/p36pgcv991mq5srvg765b78yqpxvk3qs-mesa-21.3.3-drivers/lib:/nix/store/mav4251if1ahjq5vkpwycyyvnmy459c4-pulseaudio-14.2/lib
DISPLAY=:0
LANG=en_US.UTF-8

Signal Handlers:
   SIGSEGV: crash_handler in libjvm.so, mask=11100100010111111101111111111110, flags=SA_RESTART|SA_SIGINFO
    SIGBUS: crash_handler in libjvm.so, mask=11100100010111111101111111111110, flags=SA_RESTART|SA_SIGINFO
    SIGFPE: crash_handler in libjvm.so, mask=11100100010111111101111111111110, flags=SA_RESTART|SA_SIGINFO
   SIGPIPE: IsolateEnterStub_IgnoreSIGPIPEStartupHook_noopSignalHandler_8f19bff2f35b5f630d83b364d6b2339320d4ec70_216e8361c6bc87a8f89f58cc10d3b2fd4415bf87 in libjvmcicompiler.so, mask=00000000000000000000000000000000, flags=SA_RESTART
  *** Handler was modified!
  *** Expected: javaSignalHandler in libjvm.so, mask=11100100110111111111111111111110, flags=SA_RESTART|SA_SIGINFO
   SIGXFSZ: javaSignalHandler in libjvm.so, mask=11100100010111111101111111111110, flags=SA_RESTART|SA_SIGINFO
    SIGILL: crash_handler in libjvm.so, mask=11100100010111111101111111111110, flags=SA_RESTART|SA_SIGINFO
   SIGUSR2: SR_handler in libjvm.so, mask=00000000000000000000000000000000, flags=SA_RESTART|SA_SIGINFO
    SIGHUP: UserHandler in libjvm.so, mask=11100100010111111101111111111110, flags=SA_RESTART|SA_SIGINFO
    SIGINT: UserHandler in libjvm.so, mask=11100100010111111101111111111110, flags=SA_RESTART|SA_SIGINFO
   SIGTERM: UserHandler in libjvm.so, mask=11100100010111111101111111111110, flags=SA_RESTART|SA_SIGINFO
   SIGQUIT: UserHandler in libjvm.so, mask=11100100010111111101111111111110, flags=SA_RESTART|SA_SIGINFO
  *** Handler was modified!
  *** Expected: javaSignalHandler in libjvm.so, mask=11100100110111111111111111111110, flags=SA_RESTART|SA_SIGINFO
   SIGTRAP: crash_handler in libjvm.so, mask=11100100010111111101111111111110, flags=SA_RESTART|SA_SIGINFO


---------------  S Y S T E M  ---------------

OS:
DISTRIB_ID=Ubuntu
DISTRIB_RELEASE=20.04
DISTRIB_CODENAME=focal
DISTRIB_DESCRIPTION="Ubuntu 20.04.2 LTS"
uname: Linux 6.2.0-1014-gcp #14~22.04.1-Ubuntu SMP Mon Sep 11 07:44:43 UTC 2023 x86_64
OS uptime: 0 days 16:24 hours
libc: glibc 2.35 NPTL 2.35 
rlimit (soft/hard): STACK 8192k/infinity , CORE infinity/infinity , NPROC infinity/infinity , NOFILE 5242/5242 , AS infinity/infinity , CPU infinity/infinity , DATA infinity/infinity , FSIZE infinity/infinity , MEMLOCK 8192k/8192k
load average: 15.91 17.40 18.67

/proc/meminfo:
MemTotal:       65835952 kB
MemFree:        30853248 kB
MemAvailable:   41928096 kB
Buffers:         1106000 kB
Cached:          9309420 kB
SwapCached:            0 kB
Active:          5082816 kB
Inactive:       27561212 kB
Active(anon):      19696 kB
Inactive(anon): 21841032 kB
Active(file):    5063120 kB
Inactive(file):  5720180 kB
Unevictable:       28492 kB
Mlocked:           28492 kB
SwapTotal:             0 kB
SwapFree:              0 kB
Zswap:                 0 kB
Zswapped:              0 kB
Dirty:              6520 kB
Writeback:            96 kB
AnonPages:      21009880 kB
Mapped:          1419624 kB
Shmem:             42848 kB
KReclaimable:    1018000 kB
Slab:            1529172 kB
SReclaimable:    1018000 kB
SUnreclaim:       511172 kB
KernelStack:      162256 kB
PageTables:       278948 kB
SecPageTables:         0 kB
NFS_Unstable:          0 kB
Bounce:                0 kB
WritebackTmp:          0 kB
CommitLimit:    32917976 kB
Committed_AS:   64315756 kB
VmallocTotal:   34359738367 kB
VmallocUsed:      191500 kB
VmallocChunk:          0 kB
Percpu:            29376 kB
HardwareCorrupted:     0 kB
AnonHugePages:   2908160 kB
ShmemHugePages:        0 kB
ShmemPmdMapped:        0 kB
FileHugePages:         0 kB
FilePmdMapped:         0 kB
HugePages_Total:       0
HugePages_Free:        0
HugePages_Rsvd:        0
HugePages_Surp:        0
Hugepagesize:       2048 kB
Hugetlb:               0 kB
DirectMap4k:      590648 kB
DirectMap2M:    32960512 kB
DirectMap1G:    35651584 kB

/sys/kernel/mm/transparent_hugepage/enabled: always [madvise] never
/sys/kernel/mm/transparent_hugepage/defrag (defrag/compaction efforts parameter): always defer defer+madvise [madvise] never

Process Memory:
Virtual Size: 4722776K (peak: 4756284K)
Resident Set Size: 754248K (peak: 791772K) (anon: 557072K, file: 197176K, shmem: 0K)
Swapped out: 0K
C-Heap outstanding allocations: 43586K, retained: 14825K
glibc malloc tunables: (default)

/proc/sys/kernel/threads-max (system-wide limit on the number of threads): 514278
/proc/sys/vm/max_map_count (maximum number of memory map areas a process may have): 65530
/proc/sys/kernel/pid_max (system-wide limit on number of process identifiers): 4194304

container (cgroup) information:
container_type: cgroupv2
cpu_cpuset_cpus: not supported
cpu_memory_nodes: not supported
active_processor_count: 1
cpu_quota: 50000
cpu_period: 100000
cpu_shares: no shares
memory_limit_in_bytes: 1048576 k
memory_and_swap_limit_in_bytes: unlimited
memory_soft_limit_in_bytes: 524288 k
memory_usage_in_bytes: 602616 k
memory_max_usage_in_bytes: not supported
maximum number of tasks: not supported
current number of tasks: not supported

KVM virtualization detected
Steal ticks since vm start: 4345
Steal ticks percentage since vm start:  0.005

CPU: total 8 (initial active 1) (4 cores per cpu, 2 threads per core) family 6 model 79 stepping 0 microcode 0xffffffff, cx8, cmov, fxsr, ht, mmx, 3dnowpref, sse, sse2, sse3, ssse3, sse4.1, sse4.2, popcnt, lzcnt, tsc, tscinvbit, avx, avx2, aes, erms, clmul, bmi1, bmi2, rtm, adx, fma, vzeroupper, clflush, hv
CPU Model and flags from /proc/cpuinfo:
model name	: Intel(R) Xeon(R) CPU @ 2.20GHz
flags		: fpu vme de pse tsc msr pae mce cx8 apic sep mtrr pge mca cmov pat pse36 clflush mmx fxsr sse sse2 ss ht syscall nx pdpe1gb rdtscp lm constant_tsc rep_good nopl xtopology nonstop_tsc cpuid tsc_known_freq pni pclmulqdq ssse3 fma cx16 pcid sse4_1 sse4_2 x2apic movbe popcnt aes xsave avx f16c rdrand hypervisor lahf_lm abm 3dnowprefetch invpcid_single pti ssbd ibrs ibpb stibp fsgsbase tsc_adjust bmi1 hle avx2 smep bmi2 erms invpcid rtm rdseed adx smap xsaveopt arat md_clear arch_capabilities

Online cpus: 0-7
Offline cpus: 
BIOS frequency limitation: <Not Available>
Frequency switch latency (ns): <Not Available>
Available cpu frequencies: <Not Available>
Current governor: <Not Available>
Core performance/turbo boost: <Not Available>

Memory: 4k page, physical 1048576k(445952k free), swap 0k(0k free)
Page Sizes: 4k

vm_info: OpenJDK 64-Bit Server VM (17.0.5+8-jvmci-22.3-b08) for linux-amd64 JRE (17.0.5+8-jvmci-22.3-b08), built on Oct 19 2022 09:01:27 by "buildslave" with gcc 10.3.0

END.
